0:100  0:100  MemLog inited, TSC freq: 2333068305
0:100  0:000  CPU was calibrated with ACPI PM Timer
0:100  0:000  LegacyRegion2: Chipset/proc: 0x2E208086
0:100  0:000   Intel Series 4 and similar (PAM 0x90-0x96)
0:100  0:000   Test PAM1=(0x41=90, 0x5a=00, 0x81=00, 0x91=11) at chipset 2E208086
0:100  0:000  , Install = Success
0:109  0:009  BiosVideoDriverBindingStart!
0:109  0:000  BiosVideoCheckForVbe
0:109  0:000  EdidOverride not found
0:131  0:021   Edid1-
0:152  0:021   Edid0+
0:152  0:000   found Detail Timing 1280x1024
0:200  0:047     0 640x480 attr=3BF - ok, edid+, 640x480, working, highest, pref=0
0:201  0:001     1 800x600 attr=3BF - ok, edid+, 800x600, working, highest, pref=1
0:203  0:001     2 1024x768 attr=3BF - ok, edid+, 1024x768, working, highest, pref=2
0:205  0:001     3 1280x1024 attr=3BF - ok, edid+, working, highest, pref=3
0:212  0:007  BV new mode: 3 1280x1024
0:476  0:264   SetMode pref 3 (3) = Success
7:800  7:323  CloverX64 : Image base = 0xDD406000
7:849  0:048  === [ Starting Clover ] =========================
7:849  0:000  Now is 12.05.2021,  19:57:54 (GMT)
7:849  0:000  Starting Clover revision: 5134 (master, commit fb86ee152) on CLOVER EFI
7:849  0:000  Build id: 20210429211313-fb86ee1-5134-dirty
7:849  0:000  Build with: [Args: -D NO_GRUB_DRIVERS_EMBEDDED -D LESS_DEBUG -t GCC53 | --cmd-len=50000 -D NO_GRUB_DRIVERS_EMBEDDED -D LESS_DEBUG --conf=/Users/sergey/src/CloverBootloader/Conf -D USE_LOW_EBDA -a X64 -b RELEASE -t GCC53 -n 5 | OS: 10.14.6]
7:849  0:000  SimpleTextEx Status=Success
7:849  0:000  === [ Get Smbios ] ==============================
7:849  0:000  Type 16 Index = 0
7:849  0:000  Total Memory Slots Count = 4
7:849  0:000  Type 17 Index = 0
7:849  0:000  SmbiosTable.Type17->Speed = 800MHz
7:849  0:000  SmbiosTable.Type17->Size = 2048MB
7:849  0:000  SmbiosTable.Type17->Bank/Device = Bank0/1 A0
7:849  0:000  SmbiosTable.Type17->Vendor = 
7:849  0:000  SmbiosTable.Type17->SerialNumber = 
7:849  0:000  SmbiosTable.Type17->PartNumber = 
7:849  0:000  Type 17 Index = 1
7:849  0:000  SmbiosTable.Type17->Speed = 800MHz
7:849  0:000  SmbiosTable.Type17->Size = 2048MB
7:849  0:000  SmbiosTable.Type17->Bank/Device = Bank2/3 A1
7:849  0:000  SmbiosTable.Type17->Vendor = 
7:849  0:000  SmbiosTable.Type17->SerialNumber = 
7:849  0:000  SmbiosTable.Type17->PartNumber = 
7:849  0:000  Type 17 Index = 2
7:849  0:000  SmbiosTable.Type17->Speed = 800MHz
7:849  0:000  SmbiosTable.Type17->Size = 2048MB
7:849  0:000  SmbiosTable.Type17->Bank/Device = Bank4/5 A2
7:849  0:000  SmbiosTable.Type17->Vendor = 
7:849  0:000  SmbiosTable.Type17->SerialNumber = 
7:849  0:000  SmbiosTable.Type17->PartNumber = 
7:849  0:000  Type 17 Index = 3
7:849  0:000  SmbiosTable.Type17->Speed = 800MHz
7:849  0:000  SmbiosTable.Type17->Size = 2048MB
7:849  0:000  SmbiosTable.Type17->Bank/Device = Bank6/7 A3
7:849  0:000  SmbiosTable.Type17->Vendor = 
7:849  0:000  SmbiosTable.Type17->SerialNumber = 
7:849  0:000  SmbiosTable.Type17->PartNumber = 
7:849  0:000  Boot status=0
7:849  0:000  Running on: 'EP45-UD3R' with board 'EP45-UD3R'
7:849  0:000  === [ GetCPUProperties ] ========================
7:849  0:000  CPU Vendor = 756E6547 Model=1067A
7:849  0:000   The CPU supported SSE4.1
7:849  0:000  BrandString = Intel(R) Core(TM)2 Quad CPU    Q8200  @ 2.33GHz
7:849  0:000  got cores from CPUID_1 = 4
7:849  0:000   The CPU not supported turbo
7:849  0:000   Energy PerfBias is  not visible:
7:849  0:000  MSR dumps:
7:849  0:000  	@0x00CD=80000a04
7:849  0:000  	@0x0198=616072206000722
7:849  0:000  FSBFrequency = 572 MHz, DMI FSBFrequency = 333 MHz, Corrected FSBFrequency = 333 MHz
7:849  0:000  MaxDiv/MinDiv: 7.0/6
7:849  0:000  Turbo: 8/0/0/0
7:849  0:000  Features: 0x408E39DBFEBFBFF
7:849  0:000  Threads: 4
7:849  0:000  Cores: 4
7:849  0:000  FSB: 333 MHz
7:849  0:000  CPU: 4000 MHz
7:849  0:000  TSC: 4000 MHz
7:849  0:000  PIS: 1333 MHz
7:849  0:000  ExternalClock: 333 MHz
7:849  0:000  === [ GetDefaultCpuSettings ] ===================
7:849  0:000  === [ GetDevices ] ==============================
7:849  0:000  Found more than one GOP protocol ??? Using the first one
7:849  0:000  GOP found at: PcieRoot(0x0)/Pci(0x1,0x0)/Pci(0x0,0x0)/AcpiAdr(0x80010100)
7:849  0:000  PCI (00|00:00.00) : 8086 2E20 class=060000
7:849  0:000  PCI (00|00:01.00) : 8086 2E21 class=060400
7:849  0:000  PCI (00|01:00.00) : 10DE 128B class=030000
7:849  0:000   - GFX: Model=Gigabyte GeForce GT 710 family 106 (Kepler)
7:849  0:000   - GOP: Provided by device
7:849  0:000  PCI (00|01:00.01) : 10DE 0E0F class=040300
7:849  0:000   - HDMI Audio: 
7:849  0:000  PCI (00|00:1A.00) : 8086 3A37 class=0C0300
7:849  0:000  PCI (00|00:1A.01) : 8086 3A38 class=0C0300
7:849  0:000  PCI (00|00:1A.02) : 8086 3A39 class=0C0300
7:849  0:000  PCI (00|00:1A.07) : 8086 3A3C class=0C0320
7:849  0:000  PCI (00|00:1B.00) : 8086 3A3E class=040300
7:849  0:000  PCI (00|00:1C.00) : 8086 3A40 class=060400
7:849  0:000  PCI (00|00:1C.03) : 8086 3A46 class=060400
7:849  0:000  PCI (00|03:00.00) : 197B 2363 class=010601
7:849  0:000  PCI (00|03:00.01) : 197B 2363 class=010185
7:849  0:000  PCI (00|00:1C.04) : 8086 3A48 class=060400
7:849  0:000  PCI (00|04:00.00) : 10EC 8168 class=020000
7:849  0:000   - LAN: 1 Vendor=Realtek
7:849  0:000  Legacy MAC address of LAN #0= 00:1F:D0:D7:EB:C6:
7:849  0:000  PCI (00|00:1D.00) : 8086 3A34 class=0C0300
7:849  0:000  PCI (00|00:1D.01) : 8086 3A35 class=0C0300
7:849  0:000  PCI (00|00:1D.02) : 8086 3A36 class=0C0300
7:849  0:000  PCI (00|00:1D.07) : 8086 3A3A class=0C0320
7:849  0:000  PCI (00|00:1E.00) : 8086 244E class=060401
7:849  0:000  PCI (00|05:07.00) : 104C 8024 class=0C0010
7:849  0:000  PCI (00|00:1F.00) : 8086 3A16 class=060100
7:849  0:000  PCI (00|00:1F.02) : 8086 3A22 class=010601
7:849  0:000  PCI (00|00:1F.03) : 8086 3A30 class=0C0500
7:867  0:017  _checkOEMPath Look for oem dir at path '\EFI\CLOVER\OEM\EP45-UD3R--00-1F-D0-D7-EB-C6'. Dir doesn't exist.
7:867  0:000  _checkOEMPath Look for oem dir at path '\EFI\CLOVER\OEM\EP45-UD3R'. Dir doesn't exist.
7:867  0:000  _checkOEMPath Look for oem dir at path '\EFI\CLOVER\OEM\EP45-UD3R-4000'. Dir doesn't exist.
7:867  0:000  _checkOEMPath Look for oem dir at path '\EFI\CLOVER\OEM\EP45-UD3R'. Dir doesn't exist.
7:867  0:000  _checkOEMPath Look for oem dir at path '\EFI\CLOVER\OEM\EP45-UD3R-4000'. Dir doesn't exist.
7:885  0:018  === [ GetUserSettings ] =========================
7:917  0:032  Using config.plist at path: \EFI\CLOVER
7:918  0:000  There is problems in plist '\EFI\CLOVER\config.plist'
7:918  0:000  Warning: Unknown key '/ACPI/DSDT/DropOEM_DSM:41'. Skipped.
7:919  0:000  Warning: Unknown key '/KernelAndKextPatches/KernelCpu:273'. Skipped.
7:920  0:000  Warning: Unknown key '/Quirks/DisableRtcChecksum:341'. Skipped.
7:920  0:000  Use CloverConfigPlistValidator or look in the log
10:921  3:000  Cannot find smbios.plist at path '\EFI\CLOVER' : Not Found
10:921  0:000  '\EFI\CLOVER\smbios.plist' not loaded. Efi error Not Found
10:921  0:000  Using latest BiosVersion from config
11:375  0:454  BiosVersion: IM181.88Z.F000.B00.2011032300
11:528  0:152  Using latest BiosReleaseDate from config
11:680  0:152  BiosReleaseDate: 11/03/2020
11:833  0:152  Using latest EfiVersion from config: 429.60.3.0.0
11:985  0:152  Calibrated TSC Frequency = 2333068305 = 2333MHz
12:142  0:157  === [ GetListOfThemes ] =========================
12:315  0:172  - [00]: embedded
12:653  0:338  - [00]: random
12:997  0:344  - [00]: tonymacx86
13:336  0:338  - [01]: Simple Theme Dark
13:881  0:545  - [02]: Aero
14:300  0:418  - [03]: BGM
14:723  0:422  - [04]: cesium
15:120  0:396  - [05]: Clovy
15:548  0:428  - [06]: Purple_Swirl
15:932  0:384  === [ Found config plists ] =====================
16:099  0:166  - config.plist
16:290  0:191  === [ LoadDrivers ] =============================
16:482  0:191  Loading FSInject.efi  status=Success
16:961  0:479  Loading SMCHelper.efi  status=Success
17:442  0:480  Loading XhciDxe.efi  status=Success
17:913  0:471   - driver needs connecting
18:233  0:320  Loading NTFS.efi  status=Success
18:743  0:510   - driver needs connecting
18:902  0:158  Loading ApfsDriverLoader.efi  status=Success
19:383  0:480   - driver needs connecting
19:530  0:146  Loading AudioDxe.efi  status=Success
19:993  0:463   - driver needs connecting
20:146  0:152  Loading AppleImageCodec.efi  status=Success
20:616  0:470  Loading AppleKeyAggregator.efi  status=Success
21:080  0:463  Loading AppleUITheme.efi  status=Success
21:542  0:462  Loading FirmwareVolume.efi  status=Success
22:161  0:619  Loading GrubNTFS.efi  status=Success
22:658  0:496   - driver needs connecting
22:810  0:152  Loading GrubEXFAT.efi  status=Success
23:276  0:465   - driver needs connecting
23:423  0:147  Loading GrubISO9660.efi  status=Success
23:882  0:459   - driver needs connecting
24:034  0:152  Loading GrubUDF.efi  status=Success
24:492  0:457   - driver needs connecting
24:644  0:152  8 drivers needs connecting ...
24:644  0:000  PlatformDriverOverrideProtocol->GetDriver overriden
24:644  0:000  APFS driver loaded
37:514  12:869  === [ InitScreen ] ==============================
37:834  0:320  Console modes reported: 4, available modes:
37:981  0:146   - [01]: 80x25
38:140  0:159   - [02]: 80x50
38:292  0:152   - [03]: 100x31
38:445  0:152   - [04]: 160x53 (current mode)
38:597  0:152  SetScreenResolution: 1920x1080 - not found!
38:902  0:304  SetScreenResolution: 1280x1024 - already set
39:208  0:305  Using embedded font
39:360  0:152  === [ ScanSPD ] =================================
39:689  0:328  Scanning SMBus [8086:3A30], mmio: 0xFDFFC004, ioport: 0x500, hostc: 0x1
39:856  0:167  Slot: 0 Type 19 2048MB 800MHz Vendor=Corsair PartNo=CM2X2048-6400C5 SerialNo=00000000
40:022  0:166  Slot: 1 Type 19 2048MB 800MHz Vendor=Corsair PartNo=CM2X2048-6400C5 SerialNo=00000000
40:190  0:168  Slot: 2 Type 19 2048MB 800MHz Vendor=Corsair PartNo=CM2X2048-6400C5 SerialNo=00000000
40:356  0:166  Slot: 3 Type 19 2048MB 800MHz Vendor=Corsair PartNo=CM2X2048-6400C5 SerialNo=00000000
40:676  0:319  === [ GetAcpiTablesList ] =======================
40:826  0:150  Get Acpi Tables List from RSDT:
41:133  0:306   - [00]: FACP  GBTUACPI len=116
41:285  0:152   - [01]: HPET  GBTUACPI len=56
41:443  0:157   - [02]: MCFG  GBTUACPI len=60
41:599  0:155   - [03]: EUDS   len=1232
41:746  0:146   - [04]: TAMG  GBT   B0 len=26706
41:900  0:154   - [05]: APIC  GBTUACPI len=132
42:052  0:152   - [06]: SSDT  CpuPm len=939
42:205  0:152   - [00]: Drop table : 5354414D,                0 :  no
42:670  0:464  Custom boot CUSTOM_BOOT_DISABLED (0x0)
42:829  0:159  Default theme: tonymacx86
43:019  0:189  === [ Found DSDT tables ] =======================
43:223  0:204  - DSDT-GA-EP45-UD3R-1.1-F12.aml
43:416  0:193  === [ InitKextList ] ============================
48:838  5:422  === [ ScanVolumes ] =============================
49:064  0:225  Found 32 volumes with blockIO
49:223  0:159  - [00]: Volume: PcieRoot(0x0)\Pci(0x1D,0x7)\USB(0x1,0x0)
49:544  0:320          Result of bootcode detection: bootable unknown (legacy)
49:862  0:317  - [01]: Volume: PcieRoot(0x0)\Pci(0x1D,0x7)\USB(0x1,0x0)\HD(1,GPT,9D705525-6F7F-4FB7-84C3-BC644E7BE431,0x28,0x64000)
50:183  0:321          Result of bootcode detection: bootable unknown (legacy)
51:171  0:987            label : EFI
51:328  0:157          This is SelfVolume !!
51:480  0:152  - [02]: Volume: PcieRoot(0x0)\Pci(0x1D,0x7)\USB(0x1,0x0)\HD(2,GPT,2EF14CA6-D8C5-4AD2-83A5-1301EBF235E8,0x64028,0xEE6B28)
51:875  0:394            label : Install OS X Snow Leopard
52:197  0:322  - [03]: Volume: PcieRoot(0x0)\Pci(0x1D,0x7)\USB(0x1,0x0)\HD(3,GPT,758713C5-B552-405B-9895-653585729D5A,0xF8AB50,0xEE6B28)
52:589  0:391            label : Install OS X Yosemite
52:738  0:149  - [04]: Volume: PcieRoot(0x0)\Pci(0x1D,0x7)\USB(0x1,0x0)\HD(4,GPT,33ACCE39-64B4-4F30-AA37-0B6EC5E9A30F,0x1EB1678,0xEE6B28)
53:129  0:390            label : Install macOS Sierra
53:289  0:160  - [05]: Volume: PcieRoot(0x0)\Pci(0x1D,0x7)\USB(0x1,0x0)\HD(5,GPT,895BD218-A3F0-46CA-A78C-180A53866DDF,0x2DD81A0,0xEE6B28)
53:826  0:537            label : Install macOS High Sierra
53:977  0:150  - [06]: Volume: PcieRoot(0x0)\Pci(0x1D,0x7)\USB(0x1,0x0)\HD(6,GPT,E70F4853-BAD8-4299-8685-2E51C6AF7948,0x3CBECC8,0x135F20)
54:306  0:329            label : Recovery HD
54:454  0:147  - [07]: Volume: PcieRoot(0x0)\Pci(0x1D,0x7)\USB(0x1,0x0)\HD(7,GPT,C6A8A78B-4E13-445F-AD90-8ADCD84DAB68,0x3DF4BE8,0xEE6B28)
54:820  0:366            label : Install OS X Mountain Lion
54:976  0:156  - [08]: Volume: PcieRoot(0x0)\Pci(0x1D,0x7)\USB(0x1,0x0)\HD(8,GPT,46B803A4-BCF8-4208-AE1B-E6A462C8757C,0x4D1B710,0x1E0D650)
55:518  0:541            label : Install macOS Big Sur
55:669  0:150  - [09]: Volume: PcieRoot(0x0)\Pci(0x1D,0x7)\USB(0x1,0x0)\HD(9,GPT,F08148FE-4329-4D29-9D7F-6275F2CCC326,0x6B68D60,0xB46AE60)
56:039  0:370            label : Untitled
56:190  0:150  - [10]: Volume: PcieRoot(0x0)\Pci(0x1D,0x7)\USB(0x1,0x0)\HD(10,GPT,89BD2B00-6FFB-450E-A1AF-6772CA92167B,0x12013BC0,0x1D8D650)
56:585  0:395            label : Install OS X Tiger
56:908  0:322  - [11]: Volume: PcieRoot(0x0)\Pci(0x1D,0x7)\USB(0x1,0x0)\HD(11,GPT,97330019-2BEF-43C0-995D-300CDE3B5DC5,0x13DE1210,0x1D96B00)
57:284  0:375            label : Install macOS Mojave
57:440  0:156  - [12]: Volume: PcieRoot(0x0)\Pci(0x1D,0x7)\USB(0x1,0x0)\HD(12,GPT,93126596-A3DA-4836-AB4D-7669BC13C3C4,0x15BB7D10,0x1D7D128)
57:805  0:364            label : Install OS X El Capitan
57:955  0:150  - [13]: Volume: PcieRoot(0x0)\Pci(0x1D,0x7)\USB(0x1,0x0)\HD(13,GPT,520E2DC8-5F33-4575-BA21-2A8ACC14D535,0x17974E38,0x1DA2F30)
58:483  0:527            label : Install macOS Catalina
58:634  0:150  - [14]: Volume: PcieRoot(0x0)\Pci(0x1D,0x7)\USB(0x1,0x0)\HD(14,GPT,AE41C66A-7AF7-4D6A-8442-1691AC312446,0x19757D68,0x1D90B40)
59:029  0:395            label : Install OS X Leopard
59:184  0:155  - [15]: Volume: PcieRoot(0x0)\Pci(0x1D,0x7)\USB(0x1,0x0)\HD(15,GPT,A249DEDE-99B1-4A7D-94D4-6755B01D3F10,0x1B5288A8,0xEA6B28)
59:555  0:370            label : Install OS X Lion
59:878  0:323  - [16]: Volume: PcieRoot(0x0)\Pci(0x1D,0x7)\USB(0x1,0x0)\HD(16,GPT,98DD9D73-525A-4569-BEC7-8767DEE52AF2,0x1C40F3D0,0xD70C08)
60:283  0:404            label : Install OS X Mavericks
60:435  0:152  - [17]: Volume: PcieRoot(0x0)\Pci(0x1F,0x2)\Sata(0x0,0x0,0x0)
61:047  0:612          Result of bootcode detection: bootable unknown (legacy)
61:201  0:153  - [18]: Volume: PcieRoot(0x0)\Pci(0x1F,0x2)\Sata(0x2,0x0,0x0)
61:506  0:305  - [19]: Volume: PcieRoot(0x0)\Pci(0x1F,0x2)\Sata(0x1,0x0,0x0)
61:982  0:476  - [20]: Volume: PcieRoot(0x0)\Pci(0x1F,0x2)\Sata(0x0,0x0,0x0)\HD(1,GPT,25C30D5A-2A54-461E-87C4-13F5B6745C4A,0x28,0x64000)
62:284  0:301          Result of bootcode detection: bootable unknown (legacy)
62:858  0:574            label : EFI
63:011  0:152  - [21]: Volume: PcieRoot(0x0)\Pci(0x1F,0x2)\Sata(0x0,0x0,0x0)\HD(2,GPT,06C3B39A-675E-4DBF-8AD3-9435ADFE4564,0x64028,0x253CAA60)
63:347  0:335          Result of bootcode detection: bootable unknown (legacy)
63:497  0:150  - [22]: Volume: PcieRoot(0x0)\Pci(0x1F,0x2)\Sata(0x2,0x0,0x0)\HD(1,GPT,E350E7FF-93EF-11EB-ABA8-5CF3709A6130,0x800,0x19000)
63:989  0:492          Result of bootcode detection: bootable Windows (vista,win)
64:135  0:146            label : System Reserved
64:294  0:158  - [23]: Volume: PcieRoot(0x0)\Pci(0x1F,0x2)\Sata(0x2,0x0,0x0)\HD(2,GPT,E350E800-93EF-11EB-ABA8-5CF3709A6130,0x19800,0x3A23AF54)
64:604  0:310          Result of bootcode detection: bootable Windows (vista,win)
64:759  0:154            label : BOOTCAMP
65:080  0:320  - [24]: Volume: PcieRoot(0x0)\Pci(0x1F,0x2)\Sata(0x2,0x0,0x0)\HD(3,GPT,E350E801-93EF-11EB-ABA8-5CF3709A6130,0x3A254800,0x32000)
65:399  0:319          Result of bootcode detection: bootable Windows (vista,win)
65:559  0:159            label : EFI
65:714  0:155  - [25]: Volume: PcieRoot(0x0)\Pci(0x1F,0x2)\Sata(0x2,0x0,0x0)\HD(4,GPT,E350E802-93EF-11EB-ABA8-5CF3709A6130,0x3A286800,0xFD800)
66:028  0:313          Result of bootcode detection: bootable Windows (vista,win)
66:176  0:148            label : .
66:496  0:319  - [26]: Volume: PcieRoot(0x0)\Pci(0x1F,0x2)\Sata(0x0,0x0,0x0)\HD(2,GPT,06C3B39A-675E-4DBF-8AD3-9435ADFE4564,0x64028,0x253CAA60)\VenMedia(BE74FCF7-0B7C-49F3-9147-01F4042E6842,473FEC79E76A0F4E9640B7C6E6694CD6)
66:797  0:301            apfsFileSystemUUID=79EC3F47-6AE7-4E0F-9640-B7C6E6694CD6, ApfsContainerUUID=65DE60BB-AEE2-427F-B352-D64176A9C134, ApfsRole=0x10
66:949  0:152            label : Preboot
67:101  0:152  - [27]: Volume: PcieRoot(0x0)\Pci(0x1F,0x2)\Sata(0x0,0x0,0x0)\HD(2,GPT,06C3B39A-675E-4DBF-8AD3-9435ADFE4564,0x64028,0x253CAA60)\VenMedia(BE74FCF7-0B7C-49F3-9147-01F4042E6842,B0083F995466B74CA561D8ECDDCC1672)
67:577  0:475            apfsFileSystemUUID=993F08B0-6654-4CB7-A561-D8ECDDCC1672, ApfsContainerUUID=65DE60BB-AEE2-427F-B352-D64176A9C134, ApfsRole=0x40
68:062  0:484            label : Maybe Not Big Sur - Data
68:211  0:149  - [28]: Volume: PcieRoot(0x0)\Pci(0x1F,0x2)\Sata(0x0,0x0,0x0)\HD(2,GPT,06C3B39A-675E-4DBF-8AD3-9435ADFE4564,0x64028,0x253CAA60)\VenMedia(BE74FCF7-0B7C-49F3-9147-01F4042E6842,30D1A60E3346114F896C401F3E54FED9)
68:679  0:467            apfsFileSystemUUID=0EA6D130-4633-4F11-896C-401F3E54FED9, ApfsContainerUUID=65DE60BB-AEE2-427F-B352-D64176A9C134, ApfsRole=0x4
68:825  0:146            label : Recovery
68:979  0:154  - [29]: Volume: PcieRoot(0x0)\Pci(0x1F,0x2)\Sata(0x0,0x0,0x0)\HD(2,GPT,06C3B39A-675E-4DBF-8AD3-9435ADFE4564,0x64028,0x253CAA60)\VenMedia(BE74FCF7-0B7C-49F3-9147-01F4042E6842,D06FF8FE753D324FA7FDBE509D7669B6)
69:284  0:304            apfsFileSystemUUID=FEF86FD0-3D75-4F32-A7FD-BE509D7669B6, ApfsContainerUUID=65DE60BB-AEE2-427F-B352-D64176A9C134, ApfsRole=0x8
69:608  0:323            label : VM
69:766  0:158  - [30]: Volume: PcieRoot(0x0)\Pci(0x1F,0x2)\Sata(0x0,0x0,0x0)\HD(2,GPT,06C3B39A-675E-4DBF-8AD3-9435ADFE4564,0x64028,0x253CAA60)\VenMedia(BE74FCF7-0B7C-49F3-9147-01F4042E6842,F4A3E195296FB243AADA8E046FBAE729)
70:071  0:304            apfsFileSystemUUID=95E1A3F4-6F29-43B2-AADA-8E046FBAE729, ApfsContainerUUID=65DE60BB-AEE2-427F-B352-D64176A9C134, ApfsRole=0x1
70:503  0:431            label : Maybe Not Big Sur
70:649  0:146  - [31]: Volume: PcieRoot(0x0)\Pci(0x1F,0x2)\Sata(0x0,0x0,0x0)\HD(2,GPT,06C3B39A-675E-4DBF-8AD3-9435ADFE4564,0x64028,0x253CAA60)\VenMedia(BE74FCF7-0B7C-49F3-9147-01F4042E6842,A225EA8D1A090A428662A81D0398584A)
70:956  0:306            apfsFileSystemUUID=8DEA25A2-091A-420A-8662-A81D0398584A, ApfsContainerUUID=65DE60BB-AEE2-427F-B352-D64176A9C134, ApfsRole=0xc0
71:139  0:183            label : Update
71:289  0:150  Searching volumes for latest nvram.plist ...
71:772  0:482   Modified = 2021-3-20 21:29:10 (3898877350000 ms)
72:077  0:304   - newer - will use this one
72:229  0:152   Modified = 2021-5-4 8:38:42 (3902805522000 ms)
72:534  0:304   - newer - will use this one
72:686  0:152   - [2] no nvram.plist - skipping!
72:838  0:152  Loading nvram.plist from EFI index 1  begin load gNvramDict=0x0
73:178  0:339   loaded, size=1069
73:330  0:152  loaded Status=Success
73:487  0:157  === [ PutNvramPlistToRtVars ] ===================
73:806  0:318   Adding Key: Add: ERROR: Unsupported tag type: Dict
74:107  0:300   Adding Key: Version: ERROR: Unsupported tag type: Int64
74:412  0:304  found 2 handles with audio
74:564  0:152  No AudioIoDevice stored
74:716  0:152  no stored audio parameters
74:993  0:276  Found Audio Device Nvidia (Unknown) (HDMI) at index 0
75:541  0:547  Found Audio Device Nvidia (Unknown) (HDMI) at index 1
75:688  0:146  Found Audio Device Realtek ALC889A (LineOut) at index 2
76:008  0:320  Found Audio Device Realtek ALC889A (LineOut) at index 3
76:155  0:146  Found Audio Device Realtek ALC889A (LineOut) at index 4
76:309  0:154  Found Audio Device Realtek ALC889A (LineOut) at index 5
76:462  0:152  Found Audio Device Realtek ALC889A (Headphones) at index 6
76:614  0:152  Found Audio Device Realtek ALC889A (SPDIF) at index 7
76:766  0:152  === [ InitXTheme ] ==============================
76:919  0:152  use Daylight theme
77:128  0:209  Using theme 'tonymacx86' (tonymacx86)
77:458  0:330  chosen theme tonymacx86
78:258  0:799  sound play end with status=Device Error
78:459  0:200  theme inited
78:615  0:156  Chosen theme tonymacx86
78:767  0:152  after NVRAM boot-args=dart=0
78:920  0:152  Scanning legacy ...
79:072  0:152      AddLegacyEntry:
79:225  0:152        FullTitle=
79:377  0:152        LoaderTitle=
79:529  0:152        Volume->LegacyOS->Name=Windows
79:682  0:152        Entry->Title=Boot Windows from System Reserved
79:841  0:158        IconName=vista,win comma=5 size=9
80:163  0:322        first=os_vista
80:310  0:146      AddLegacyEntry:
80:463  0:153        FullTitle=
80:616  0:152        LoaderTitle=
80:768  0:152        Volume->LegacyOS->Name=Windows
80:921  0:152        Entry->Title=Boot Windows from BOOTCAMP
81:073  0:152        IconName=vista,win comma=5 size=9
81:225  0:152        first=os_vista
81:378  0:152      AddLegacyEntry:
81:530  0:152        FullTitle=
81:687  0:156        LoaderTitle=
81:839  0:151        Volume->LegacyOS->Name=Windows
82:158  0:319        Entry->Title=Boot Windows from EFI
82:305  0:146        IconName=vista,win comma=5 size=9
82:459  0:154        first=os_vista
82:612  0:152      AddLegacyEntry:
82:764  0:152        FullTitle=
82:917  0:152        LoaderTitle=
83:069  0:152        Volume->LegacyOS->Name=Windows
83:221  0:152        Entry->Title=Boot Windows from .
83:374  0:152        IconName=vista,win comma=5 size=9
83:530  0:155        first=os_vista
83:687  0:157  === [ Dump SMC keys from NVRAM ] ================
84:007  0:319  found AppleSMC protocol
84:158  0:151  Registered 0 SMC keys
84:313  0:154  === [ ScanLoader ] ==============================
84:465  0:152  - [01]: 'EFI'
84:959  0:493        AddLoaderEntry for Volume Name=EFI, idx=4
85:108  0:149        OSVersion= 
85:261  0:153        IconName=unknown comma=-1 size=7
85:414  0:152        Full=unknown
85:570  0:156        Show badge as OSImage.
85:727  0:156        Loader entry created for 'PcieRoot(0x0)\Pci(0x1D,0x7)\USB(0x1,0x0)\HD(1,GPT,9D705525-6F7F-4FB7-84C3-BC644E7BE431,0x28,0x64000)\EFI\BOOT\BOOTX64.efi'
86:047  0:319       hiding entry: \EFI\BOOT\BOOTX64.efi
86:194  0:146        Menu entry added at index 4
86:348  0:154       hiding entry because DiskKind is DISK_KIND_EXTERNAL: \EFI\BOOT\BOOTX64.efi
86:500  0:152  - [02]: 'Install OS X Snow Leopard'
86:924  0:423        AddLoaderEntry for Volume Name=Install OS X Snow Leopard, idx=5
87:155  0:231        OSVersion=10.6 
87:310  0:154        IconName=snow,mac comma=4 size=8
87:639  0:329        first=os_snow
87:798  0:159        Show badge as OSImage.
87:950  0:152        Loader entry created for 'PcieRoot(0x0)\Pci(0x1D,0x7)\USB(0x1,0x0)\HD(2,GPT,2EF14CA6-D8C5-4AD2-83A5-1301EBF235E8,0x64028,0xEE6B28)\System\Library\CoreServices\boot.efi'
88:139  0:188        Menu entry added at index 5
88:294  0:155  - [03]: 'Install OS X Yosemite'
88:777  0:482        AddLoaderEntry for Volume Name=Install OS X Yosemite, idx=6
89:067  0:289        OSVersion=10.10.5 
89:223  0:156        IconName=yos,mac comma=3 size=7
89:587  0:363        first=os_yos
89:743  0:156        Show badge as OSImage.
89:897  0:153        Loader entry created for 'PcieRoot(0x0)\Pci(0x1D,0x7)\USB(0x1,0x0)\HD(3,GPT,758713C5-B552-405B-9895-653585729D5A,0xF8AB50,0xEE6B28)\System\Library\CoreServices\boot.efi'
90:049  0:152        Menu entry added at index 6
90:201  0:152  - [04]: 'Install macOS Sierra'
90:714  0:512        AddLoaderEntry for Volume Name=Install macOS Sierra, idx=7
91:034  0:320        OSVersion=10.12.6 
91:351  0:316        IconName=sierra,mac comma=6 size=10
91:497  0:146        first=os_sierra
91:652  0:154        Show badge as OSImage.
91:804  0:152        Loader entry created for 'PcieRoot(0x0)\Pci(0x1D,0x7)\USB(0x1,0x0)\HD(4,GPT,33ACCE39-64B4-4F30-AA37-0B6EC5E9A30F,0x1EB1678,0xEE6B28)\System\Library\CoreServices\boot.efi'
91:960  0:156        Menu entry added at index 7
92:119  0:158  - [05]: 'Install macOS High Sierra'
92:452  0:332        AddLoaderEntry for Volume Name=Install macOS High Sierra, idx=8
92:823  0:371        OSVersion=10.13.6 
92:978  0:154        IconName=hsierra,mac comma=7 size=11
93:125  0:146        first=os_hsierra
93:279  0:154        Show badge as OSImage.
93:431  0:152        Loader entry created for 'PcieRoot(0x0)\Pci(0x1D,0x7)\USB(0x1,0x0)\HD(5,GPT,895BD218-A3F0-46CA-A78C-180A53866DDF,0x2DD81A0,0xEE6B28)\System\Library\CoreServices\boot.efi'
93:584  0:152        Menu entry added at index 8
93:736  0:152  - [06]: 'Recovery HD'
94:067  0:330        AddLoaderEntry for Volume Name=Recovery HD, idx=9
94:406  0:338        OSVersion=10.12.6 
94:557  0:150        IconName=sierra,mac comma=6 size=10
94:709  0:152        first=os_sierra
94:862  0:152        Show badge as OSImage.
95:014  0:152        Loader entry created for 'PcieRoot(0x0)\Pci(0x1D,0x7)\USB(0x1,0x0)\HD(6,GPT,E70F4853-BAD8-4299-8685-2E51C6AF7948,0x3CBECC8,0x135F20)\com.apple.recovery.boot\boot.efi'
95:167  0:152        Menu entry added at index 9
95:319  0:152  - [07]: 'Install OS X Mountain Lion'
95:860  0:541        AddLoaderEntry for Volume Name=Install OS X Mountain Lion, idx=10
96:028  0:167        OSVersion=10.8 
96:183  0:154        IconName=cougar,mac comma=6 size=10
96:330  0:146        first=os_cougar
96:489  0:159        Show badge as OSImage.
96:641  0:152        Loader entry created for 'PcieRoot(0x0)\Pci(0x1D,0x7)\USB(0x1,0x0)\HD(7,GPT,C6A8A78B-4E13-445F-AD90-8ADCD84DAB68,0x3DF4BE8,0xEE6B28)\System\Library\CoreServices\boot.efi'
96:794  0:152        Menu entry added at index 10
97:112  0:318  - [08]: 'Install macOS Big Sur'
97:478  0:365        AddLoaderEntry for Volume Name=Install macOS Big Sur, idx=11
97:680  0:201        OSVersion=11.2.3 
97:835  0:155        IconName=bigsur,mac comma=6 size=10
97:981  0:146        first=os_bigsur
98:141  0:159        Show badge as OSImage.
98:293  0:152        Loader entry created for 'PcieRoot(0x0)\Pci(0x1D,0x7)\USB(0x1,0x0)\HD(8,GPT,46B803A4-BCF8-4208-AE1B-E6A462C8757C,0x4D1B710,0x1E0D650)\System\Library\CoreServices\boot.efi'
98:612  0:318        Menu entry added at index 11
98:758  0:146  - [09]: 'Untitled'
99:762  1:003  - [10]: 'Install OS X Tiger'
100:197  0:434        AddLoaderEntry for Volume Name=Install OS X Tiger, idx=12
100:370  0:173        OSVersion=10.4.10 
100:520  0:149        Check if volume Is Hibernated:
100:666  0:146        Check sleep image 'by signature':
