0:100  0:100  MemLog inited, TSC freq: 2333066983
0:100  0:000  CPU was calibrated with ACPI PM Timer
0:100  0:000  LegacyRegion2: Chipset/proc: 0x2E208086
0:100  0:000   Intel Series 4 and similar (PAM 0x90-0x96)
0:100  0:000   Test PAM1=(0x41=90, 0x5a=00, 0x81=00, 0x91=11) at chipset 2E208086
0:100  0:000  , Install = Success
0:109  0:009  BiosVideoDriverBindingStart!
0:109  0:000  BiosVideoCheckForVbe
0:109  0:000  EdidOverride not found
0:335  0:226   Edid1-
0:562  0:227   Edid0-
0:750  0:187   Edid1-
0:813  0:062   Edid0+
0:813  0:000   found Detail Timing 1280x1024
0:851  0:038     0 640x480 attr=3BF - ok, edid+, 640x480, working, highest, pref=0
0:853  0:001     1 800x600 attr=3BF - ok, edid+, 800x600, working, highest, pref=1
0:854  0:001     2 1024x768 attr=3BF - ok, edid+, 1024x768, working, highest, pref=2
0:855  0:001     3 1280x1024 attr=3BF - ok, edid+, working, highest, pref=3
0:860  0:005  BV new mode: 3 1280x1024
1:327  0:466   SetMode pref 3 (3) = Success
3:958  2:631  CloverX64 : Image base = 0xDDE4A000
3:958  0:000  
3:958  0:000  Now is 12.01.2021,  16:24:15 (GMT)
3:958  0:000  Starting Clover revision: 5128 (master, commit a9778cd8d) on CLOVER EFI
3:958  0:000  Build id: 20210106115102-a9778cd-5128-dirty
3:958  0:000  Build with: [Args: -D NO_GRUB_DRIVERS_EMBEDDED -D LESS_DEBUG -t GCC53 | -D NO_GRUB_DRIVERS_EMBEDDED -D LESS_DEBUG --conf=/Users/sergey/src/CloverBootloader/Conf -D USE_LOW_EBDA -a X64 -b RELEASE -t GCC53 -n 5 | OS: 10.14.6]
3:963  0:004  SimpleTextEx Status=Success
3:963  0:000  === [ GetDefaultSettings ] ======================
3:963  0:000  === [ Get Smbios ] ==============================
3:963  0:000  Type 16 Index = 0
3:963  0:000  Total Memory Slots Count = 4
3:963  0:000  Type 17 Index = 0
3:963  0:000  SmbiosTable.Type17->Speed = 800MHz
3:963  0:000  SmbiosTable.Type17->Size = 2048MB
3:963  0:000  SmbiosTable.Type17->Bank/Device = Bank0/1 A0
3:963  0:000  SmbiosTable.Type17->Vendor =  
3:963  0:000  SmbiosTable.Type17->SerialNumber =  
3:963  0:000  SmbiosTable.Type17->PartNumber =  
3:963  0:000  Type 17 Index = 1
3:963  0:000  SmbiosTable.Type17->Speed = 800MHz
3:963  0:000  SmbiosTable.Type17->Size = 2048MB
3:963  0:000  SmbiosTable.Type17->Bank/Device = Bank2/3 A1
3:963  0:000  SmbiosTable.Type17->Vendor =  
3:963  0:000  SmbiosTable.Type17->SerialNumber =  
3:963  0:000  SmbiosTable.Type17->PartNumber =  
3:963  0:000  Type 17 Index = 2
3:963  0:000  SmbiosTable.Type17->Speed = 800MHz
3:963  0:000  SmbiosTable.Type17->Size = 2048MB
3:963  0:000  SmbiosTable.Type17->Bank/Device = Bank4/5 A2
3:963  0:000  SmbiosTable.Type17->Vendor =  
3:963  0:000  SmbiosTable.Type17->SerialNumber =  
3:963  0:000  SmbiosTable.Type17->PartNumber =  
3:963  0:000  Type 17 Index = 3
3:963  0:000  SmbiosTable.Type17->Speed = 800MHz
3:963  0:000  SmbiosTable.Type17->Size = 2048MB
3:963  0:000  SmbiosTable.Type17->Bank/Device = Bank6/7 A3
3:963  0:000  SmbiosTable.Type17->Vendor =  
3:963  0:000  SmbiosTable.Type17->SerialNumber =  
3:963  0:000  SmbiosTable.Type17->PartNumber =  
3:963  0:000  Boot status=0
3:963  0:000  Running on: 'EP45-UD3R' with board 'EP45-UD3R'
3:963  0:000  === [ GetCPUProperties ] ========================
3:963  0:000  CPU Vendor = 756E6547 Model=1067A
3:963  0:000   The CPU supported SSE4.1
3:963  0:000  BrandString = Intel(R) Core(TM)2 Quad CPU    Q8200  @ 2.33GHz
3:963  0:000  got cores from CPUID_1 = 4
3:963  0:000   The CPU not supported turbo
3:963  0:000  MSR dumps:
3:963  0:000  	@0x00CD=80000a04
3:963  0:000  	@0x0198=616072206000722
3:963  0:000  FSBFrequency = 572 MHz, DMI FSBFrequency = 333 MHz, Corrected FSBFrequency = 333 MHz
3:963  0:000  MaxDiv/MinDiv: 7.0/6
3:963  0:000  Turbo: 8/0/0/0
3:963  0:000  Features: 0x408E39DBFEBFBFF
3:963  0:000  Threads: 4
3:963  0:000  Cores: 4
3:963  0:000  FSB: 333 MHz
3:963  0:000  CPU: 4000 MHz
3:963  0:000  TSC: 4000 MHz
3:963  0:000  PIS: 1333 MHz
3:963  0:000  ExternalClock: 333 MHz
3:963  0:000  === [ GetDevices ] ==============================
3:963  0:000  GOP found at: PcieRoot(0x0)/Pci(0x1,0x0)/Pci(0x0,0x0)/AcpiAdr(0x80010100)
3:963  0:000  PCI (00|00:00.00) : 8086 2E20 class=060000
3:964  0:000  PCI (00|00:01.00) : 8086 2E21 class=060400
3:964  0:000  PCI (00|01:00.00) : 10DE 0610 class=030000
3:964  0:000   - GOP: Provided by device
3:964  0:000   - GFX: Model=XFX GeForce 9600 GSO family 92 (Tesla)
3:964  0:000  PCI (00|00:1A.00) : 8086 3A37 class=0C0300
3:964  0:000  PCI (00|00:1A.01) : 8086 3A38 class=0C0300
3:964  0:000  PCI (00|00:1A.02) : 8086 3A39 class=0C0300
3:964  0:000  PCI (00|00:1A.07) : 8086 3A3C class=0C0320
3:964  0:000  PCI (00|00:1B.00) : 8086 3A3E class=040300
3:964  0:000  PCI (00|00:1C.00) : 8086 3A40 class=060400
3:964  0:000  PCI (00|00:1C.03) : 8086 3A46 class=060400
3:964  0:000  PCI (00|03:00.00) : 197B 2363 class=010185
3:964  0:000  PCI (00|00:1C.04) : 8086 3A48 class=060400
3:964  0:000  PCI (00|04:00.00) : 10EC 8168 class=020000
3:964  0:000   - LAN: 0 Vendor=Realtek
3:964  0:000  PCI (00|00:1D.00) : 8086 3A34 class=0C0300
3:964  0:000  PCI (00|00:1D.01) : 8086 3A35 class=0C0300
3:964  0:000  PCI (00|00:1D.02) : 8086 3A36 class=0C0300
3:964  0:000  PCI (00|00:1D.07) : 8086 3A3A class=0C0320
3:964  0:000  PCI (00|00:1E.00) : 8086 244E class=060401
3:964  0:000  PCI (00|05:07.00) : 104C 8024 class=0C0010
3:964  0:000  PCI (00|00:1F.00) : 8086 3A16 class=060100
3:964  0:000  PCI (00|00:1F.02) : 8086 3A22 class=010601
3:964  0:000  PCI (00|00:1F.03) : 8086 3A30 class=0C0500
3:964  0:000  Clover load options size = 0 bytes
3:973  0:008  _checkOEMPath Look for oem dir at path '\EFI\CLOVER\OEM\EP45-UD3R--00-00-00-00-00-00'. Dir doesn't exist.
3:973  0:000  _checkOEMPath Look for oem dir at path '\EFI\CLOVER\OEM\EP45-UD3R'. Dir doesn't exist.
3:973  0:000  _checkOEMPath Look for oem dir at path '\EFI\CLOVER\OEM\EP45-UD3R-4000'. Dir doesn't exist.
3:973  0:000  _checkOEMPath Look for oem dir at path '\EFI\CLOVER\OEM\EP45-UD3R'. Dir doesn't exist.
3:973  0:000  _checkOEMPath Look for oem dir at path '\EFI\CLOVER\OEM\EP45-UD3R-4000'. Dir doesn't exist.
3:974  0:001  Using config.plist at path: \EFI\CLOVER
3:974  0:000  \EFI\CLOVER\config.plist  loaded: Success
3:979  0:004  === [ GetListOfThemes ] =========================
3:979  0:000  - [00]: embedded
3:996  0:016  - [00]: random
4:002  0:005  - [00]: tonymacx86
4:016  0:014  - [01]: Simple Theme Dark
4:029  0:012  - [02]: Aero
4:052  0:022  - [03]: BGM
4:082  0:030  - [04]: cesium
4:087  0:004  - [05]: Clovy
4:095  0:007  - [06]: Purple_Swirl
4:102  0:006  === [ Found config plists ] =====================
4:102  0:000  - config.plist
4:103  0:000  === [ GetEarlyUserSettings ] ====================
4:103  0:000  timeout set to 3
4:103  0:000  Custom boot CUSTOM_BOOT_DISABLED (0x0)
4:103  0:000  KextsToPatch: 4 requested
4:103  0:000   - [00]: AppleAHCIPort (External icons patch) :: BinPatch :: data len: 8
4:103  0:000   - [01]: AppleHDA (AppleHDA/Resources/xml>zml) :: BinPatch :: data len: 6
4:103  0:000   - [02]: AppleHDA (AppleHDA/Resources/xml>zml) :: BinPatch :: data len: 6
4:103  0:000   - [03]: IOErrorFix (NoLabel) :: BinPatch :: data len: 40
4:103  0:000  Default theme: tonymacx86
4:103  0:000  Hiding entries with string Windows
4:103  0:000  Hiding entries with string BOOTX64.EFI
4:103  0:000  === [ LoadDrivers ] =============================
4:112  0:009  Loading FSInject.efi  status=Success
4:113  0:000  Loading SMCHelper.efi  status=Success
4:113  0:000  Loading XhciDxe.efi  status=Success
4:124  0:010   - driver needs connecting
4:124  0:000  Loading NTFS.efi  status=Success
4:127  0:003   - driver needs connecting
4:127  0:000  Loading ApfsDriverLoader.efi  status=Success
4:127  0:000   - driver needs connecting
4:127  0:000  Loading AudioDxe.efi  status=Success
4:128  0:000   - driver needs connecting
4:128  0:000  4 drivers needs connecting ...
4:128  0:000  PlatformDriverOverrideProtocol->GetDriver overriden
4:128  0:000  APFS driver loaded
7:805  3:677  === [ InitScreen ] ==============================
7:805  0:000  Console modes reported: 4, available modes:
7:805  0:000   - [01]: 80x25
7:805  0:000   - [02]: 80x50
7:805  0:000   - [03]: 100x31
7:805  0:000   - [04]: 160x53 (current mode)
7:805  0:000  SetScreenResolution: 1920x1080 - not found!
7:805  0:000  SetScreenResolution: 1280x1024 - already set
7:807  0:001  Using embedded font
7:808  0:001  === [ GetMacAddress ] ===========================
7:808  0:000   get legacy LAN MAC, 1 card found
7:808  0:000  Legacy MAC address of LAN #0= 00:1F:D0:D7:EB:C6:
7:808  0:000  === [ ScanSPD ] =================================
7:808  0:000  Scanning SMBus [8086:3A30], mmio: 0xFDFFC004, ioport: 0x500, hostc: 0x1
7:823  0:015  Slot: 0 Type 19 2048MB 800MHz Vendor=Corsair PartNo=CM2X2048-6400C5 SerialNo=00000000
7:839  0:015  Slot: 1 Type 19 2048MB 800MHz Vendor=Corsair PartNo=CM2X2048-6400C5 SerialNo=00000000
7:854  0:015  Slot: 2 Type 19 2048MB 800MHz Vendor=Corsair PartNo=CM2X2048-6400C5 SerialNo=00000000
7:869  0:015  Slot: 3 Type 19 2048MB 800MHz Vendor=Corsair PartNo=CM2X2048-6400C5 SerialNo=00000000
7:870  0:000  === [ GetAcpiTablesList ] =======================
7:874  0:004  Get Acpi Tables List from RSDT:
7:874  0:000   - [00]: FACP  GBTUACPI len=116
7:874  0:000   - [01]: HPET  GBTUACPI len=56
7:874  0:000   - [02]: MCFG  GBTUACPI len=60
7:874  0:000   - [03]: EUDS   len=1232
7:874  0:000   - [04]: TAMG  GBT   B0 len=26706
7:874  0:000   - [05]: APIC  GBTUACPI len=132
7:874  0:000   - [06]: SSDT  CpuPm len=939
7:874  0:000  Calibrated TSC Frequency = 2333066983 = 2333MHz
7:875  0:000  === [ GetUserSettings ] =========================
7:875  0:000  USB FixOwnership: yes
7:875  0:000  Dropping 1 tables:
7:875  0:000   - [00]: Drop table  signature="MATS" (5354414D)
7:875  0:000  ----
7:875  0:000           - set table: 5354414D,                0 to drop: no
7:875  0:000   - final DSDT Fix mask=0000BD55
7:875  0:000  Using ProductName from config: iMac10,1
7:875  0:000  Found same BiosVersion in clover and config
7:875  0:000  BiosVersion: IM101.88Z.F000.B00.1906141458
7:875  0:000  BiosReleaseDate: 06/14/19
7:875  0:000  Using EfiVersion from clover: 215.0.0.0.0
7:875  0:000  Using FirmwareFeatures from config: 0xE00DE137
7:875  0:000  Using FirmwareFeaturesMask from config: 0xFF1FFF3F
7:875  0:000  PlatformFeature will not set in SMBIOS
7:875  0:000  Board-ID set from config as Mac-F221DCC8
7:875  0:000  BoardType: 0xA
7:875  0:000  ChassisType: 0xD
7:875  0:000  Cannot find smbios.plist at path '\EFI\CLOVER' : Not Found
7:900  0:024  === [ Found DSDT tables ] =======================
7:900  0:000  - DSDT-GA-EP45-UD3R-1.1-F12.aml
7:900  0:000  === [ InitKextList ] ============================
7:929  0:029  Added Kext=10.10\AppleALC.kext
7:935  0:005  Added Kext=10.10\CPUFriend.kext
7:937  0:001  Added Kext=10.10\Lilu.kext
7:939  0:001  Added Kext=10.10\RealtekRTL8111.kext
7:942  0:003  Added Kext=10.10\SMCProcessor.kext
7:943  0:000  Added Kext=10.10\SMCSuperIO.kext
7:946  0:003  Added Kext=10.10\VirtualSMC.kext
7:952  0:006  Added Kext=10.10\WhateverGreen.kext
7:965  0:012  Added Kext=10.10\AirportBrcmFixup.kext
7:974  0:008  Added Kext=10.10\BrcmBluetoothInjector.kext
7:975  0:000  Added Kext=10.10\BrcmFirmwareData.kext
7:975  0:000  Added Kext=10.10\BrcmFirmwareRepo.kext
7:984  0:008  Added Kext=10.10\BrcmNonPatchRAM2.kext
7:993  0:009  Added Kext=10.10\BrcmPatchRAM2.kext
7:994  0:001  Added Kext=10.10\HibernationFixup.kext
8:014  0:019  Added Kext=10.10\USBInjectAll.kext
8:078  0:064  Added Kext=10.11\AppleALC.kext
8:082  0:003  Added Kext=10.11\Lilu.kext
8:083  0:001  Added Kext=10.11\RealtekRTL8111.kext
8:088  0:004  Added Kext=10.11\SMCProcessor.kext
8:089  0:000  Added Kext=10.11\SMCSuperIO.kext
8:092  0:002  Added Kext=10.11\VirtualSMC.kext
8:098  0:005  Added Kext=10.11\WhateverGreen.kext
8:128  0:030  Added Kext=10.11\AirportBrcmFixup.kext
8:141  0:013  Added Kext=10.11\BrcmBluetoothInjector.kext
8:142  0:000  Added Kext=10.11\BrcmFirmwareData.kext
8:151  0:009  Added Kext=10.11\BrcmFirmwareRepo.kext
8:163  0:011  Added Kext=10.11\BrcmNonPatchRAM2.kext
8:173  0:010  Added Kext=10.11\BrcmPatchRAM2.kext
8:174  0:000  Added Kext=10.11\CPUFriend.kext
8:175  0:000  Added Kext=10.11\HibernationFixup.kext
8:196  0:020  Added Kext=10.11\USBInjectAll.kext
8:248  0:052  Added Kext=10.12\AppleALC.kext
8:249  0:000  Added Kext=10.12\AirportBrcmFixup.kext
8:259  0:009  Added Kext=10.12\CPUFriend.kext
8:260  0:001  Added Kext=10.12\HibernationFixup.kext
8:267  0:007  Added Kext=10.12\Lilu.kext
8:268  0:000  Added Kext=10.12\RealtekRTL8111.kext
8:268  0:000  Added Kext=10.12\SMCProcessor.kext
8:269  0:000  Added Kext=10.12\SMCSuperIO.kext
8:298  0:028  Added Kext=10.12\USBInjectAll.kext
8:299  0:001  Added Kext=10.12\VirtualSMC.kext
8:301  0:001  Added Kext=10.12\WhateverGreen.kext
8:316  0:015  Added Kext=10.12\BrcmBluetoothInjector.kext
8:322  0:005  Added Kext=10.12\BrcmFirmwareData.kext
8:326  0:003  Added Kext=10.12\BrcmFirmwareRepo.kext
8:345  0:019  Added Kext=10.12\BrcmNonPatchRAM2.kext
8:355  0:010  Added Kext=10.12\BrcmPatchRAM2.kext
8:367  0:012  Added Kext=10.13\AirportBrcmFixup.kext
8:393  0:026  Added Kext=10.13\AppleALC.kext
8:406  0:012  Added Kext=10.13\BrcmBluetoothInjector.kext
8:407  0:000  Added Kext=10.13\BrcmFirmwareData.kext
8:417  0:009  Added Kext=10.13\BrcmFirmwareRepo.kext
8:428  0:011  Added Kext=10.13\BrcmNonPatchRAM2.kext
8:445  0:016  Added Kext=10.13\BrcmPatchRAM2.kext
8:448  0:002  Added Kext=10.13\CPUFriend.kext
8:448  0:000  Added Kext=10.13\HibernationFixup.kext
8:449  0:000  Added Kext=10.13\Lilu.kext
8:450  0:001  Added Kext=10.13\RealtekRTL8111.kext
8:451  0:000  Added Kext=10.13\SMCProcessor.kext
8:462  0:011  Added Kext=10.13\SMCSuperIO.kext
8:492  0:029  Added Kext=10.13\USBInjectAll.kext
8:501  0:009  Added Kext=10.13\VirtualSMC.kext
8:502  0:000  Added Kext=10.13\WhateverGreen.kext
8:514  0:011  Added Kext=10.14\AirportBrcmFixup.kext
8:539  0:025  Added Kext=10.14\AppleALC.kext
8:553  0:013  Added Kext=10.14\BrcmBluetoothInjector.kext
8:553  0:000  Added Kext=10.14\BrcmFirmwareData.kext
8:562  0:008  Added Kext=10.14\BrcmFirmwareRepo.kext
8:574  0:011  Added Kext=10.14\BrcmNonPatchRAM2.kext
8:585  0:010  Added Kext=10.14\BrcmPatchRAM2.kext
8:586  0:000  Added Kext=10.14\CPUFriend.kext
8:586  0:000  Added Kext=10.14\HibernationFixup.kext
8:587  0:000  Added Kext=10.14\Lilu.kext
8:588  0:001  Added Kext=10.14\RealtekRTL8111.kext
8:599  0:010  Added Kext=10.14\SMCProcessor.kext
8:600  0:000  Added Kext=10.14\SMCSuperIO.kext
8:621  0:021  Added Kext=10.14\USBInjectAll.kext
8:623  0:001  Added Kext=10.14\VirtualSMC.kext
8:624  0:001  Added Kext=10.14\WhateverGreen.kext
8:655  0:030  Added Kext=10.6\AirportBrcmFixup.kext
8:693  0:037  Added Kext=10.6\AppleALC.kext
8:700  0:007  Added Kext=10.6\BrcmBluetoothInjector.kext
8:701  0:000  Added Kext=10.6\BrcmFirmwareData.kext
8:707  0:006  Added Kext=10.6\BrcmFirmwareRepo.kext
8:725  0:018  Added Kext=10.6\BrcmNonPatchRAM2.kext
8:736  0:010  Added Kext=10.6\BrcmPatchRAM2.kext
8:737  0:001  Added Kext=10.6\CPUFriend.kext
8:738  0:000  Added Kext=10.6\HibernationFixup.kext
8:739  0:000  Added Kext=10.6\Lilu.kext
8:740  0:000  Added Kext=10.6\RealtekRTL8111.kext
8:741  0:000  Added Kext=10.6\SMCProcessor.kext
8:741  0:000  Added Kext=10.6\SMCSuperIO.kext
8:769  0:027  Added Kext=10.6\USBInjectAll.kext
8:771  0:001  Added Kext=10.6\VirtualSMC.kext
8:772  0:000  Added Kext=10.6\WhateverGreen.kext
8:773  0:001  Added Kext=10.7\AirportBrcmFixup.kext
8:807  0:034  Added Kext=10.7\AppleALC.kext
8:814  0:007  Added Kext=10.7\BrcmBluetoothInjector.kext
8:815  0:000  Added Kext=10.7\BrcmFirmwareData.kext
8:816  0:000  Added Kext=10.7\BrcmFirmwareRepo.kext
8:831  0:014  Added Kext=10.7\BrcmNonPatchRAM2.kext
8:841  0:010  Added Kext=10.7\BrcmPatchRAM2.kext
8:845  0:004  Added Kext=10.7\CPUFriend.kext
8:846  0:000  Added Kext=10.7\HibernationFixup.kext
8:852  0:005  Added Kext=10.7\Lilu.kext
8:853  0:000  Added Kext=10.7\RealtekRTL8111.kext
8:854  0:000  Added Kext=10.7\SMCProcessor.kext
8:854  0:000  Added Kext=10.7\SMCSuperIO.kext
8:877  0:022  Added Kext=10.7\USBInjectAll.kext
8:879  0:001  Added Kext=10.7\VirtualSMC.kext
8:879  0:000  Added Kext=10.7\WhateverGreen.kext
8:886  0:006  Added Kext=10.8\AirportBrcmFixup.kext
8:914  0:028  Added Kext=10.8\AppleALC.kext
8:928  0:013  Added Kext=10.8\BrcmBluetoothInjector.kext
8:938  0:009  Added Kext=10.8\BrcmFirmwareData.kext
8:938  0:000  Added Kext=10.8\BrcmFirmwareRepo.kext
8:944  0:005  Added Kext=10.8\BrcmNonPatchRAM2.kext
8:954  0:010  Added Kext=10.8\BrcmPatchRAM2.kext
8:955  0:000  Added Kext=10.8\CPUFriend.kext
8:956  0:000  Added Kext=10.8\HibernationFixup.kext
8:957  0:000  Added Kext=10.8\Lilu.kext
8:958  0:000  Added Kext=10.8\RealtekRTL8111.kext
8:960  0:002  Added Kext=10.8\SMCProcessor.kext
8:962  0:001  Added Kext=10.8\SMCSuperIO.kext
8:982  0:020  Added Kext=10.8\USBInjectAll.kext
8:984  0:001  Added Kext=10.8\VirtualSMC.kext
8:985  0:000  Added Kext=10.8\WhateverGreen.kext
8:989  0:003  Added Kext=10.9\AirportBrcmFixup.kext
9:020  0:031  Added Kext=10.9\AppleALC.kext
9:033  0:013  Added Kext=10.9\BrcmBluetoothInjector.kext
9:034  0:000  Added Kext=10.9\BrcmFirmwareData.kext
9:045  0:010  Added Kext=10.9\BrcmFirmwareRepo.kext
9:056  0:011  Added Kext=10.9\BrcmNonPatchRAM2.kext
9:067  0:010  Added Kext=10.9\BrcmPatchRAM2.kext
9:068  0:000  Added Kext=10.9\CPUFriend.kext
9:073  0:005  Added Kext=10.9\HibernationFixup.kext
9:074  0:000  Added Kext=10.9\Lilu.kext
9:074  0:000  Added Kext=10.9\RealtekRTL8111.kext
9:075  0:000  Added Kext=10.9\SMCProcessor.kext
9:077  0:001  Added Kext=10.9\SMCSuperIO.kext
9:103  0:026  Added Kext=10.9\USBInjectAll.kext
9:105  0:001  Added Kext=10.9\VirtualSMC.kext
9:106  0:001  Added Kext=10.9\WhateverGreen.kext
9:144  0:038  Added Kext=Other\AppleALC.kext
9:166  0:021  Added Kext=Other\BrcmBluetoothInjector.kext
9:176  0:009  Added Kext=Other\HibernationFixup.kext
9:184  0:008  Added Kext=Other\Lilu.kext
9:186  0:001  Added Kext=Other\RealtekRTL8111.kext
9:189  0:003  Added Kext=Other\SMCProcessor.kext
9:190  0:000  Added Kext=Other\SMCSuperIO.kext
9:193  0:002  Added Kext=Other\VirtualSMC.kext
9:193  0:000  Added Kext=Other\WhateverGreen.kext
9:202  0:009  Added Kext=Other\CPUFriend.kext
9:203  0:000  Added Kext=Other\AirportBrcmFixup.kext
9:233  0:030  Added Kext=Other\USBInjectAll.kext
9:234  0:000  Added Kext=Other\BrcmFirmwareData.kext
9:243  0:008  Added Kext=Other\BrcmFirmwareRepo.kext
9:262  0:019  Added Kext=10.15\AirportBrcmFixup.kext
9:288  0:026  Added Kext=10.15\AppleALC.kext
9:297  0:009  Added Kext=10.15\BrcmBluetoothInjector.kext
9:299  0:001  Added Kext=10.15\BrcmFirmwareData.kext
9:308  0:009  Added Kext=10.15\BrcmFirmwareRepo.kext
9:319  0:011  Added Kext=10.15\BrcmNonPatchRAM2.kext
9:329  0:010  Added Kext=10.15\BrcmPatchRAM2.kext
9:330  0:000  Added Kext=10.15\CPUFriend.kext
9:331  0:000  Added Kext=10.15\HibernationFixup.kext
9:332  0:000  Added Kext=10.15\Lilu.kext
9:333  0:000  Added Kext=10.15\RealtekRTL8111.kext
9:335  0:002  Added Kext=10.15\SMCProcessor.kext
9:336  0:001  Added Kext=10.15\SMCSuperIO.kext
9:357  0:020  Added Kext=10.15\USBInjectAll.kext
9:359  0:001  Added Kext=10.15\VirtualSMC.kext
9:360  0:001  Added Kext=10.15\WhateverGreen.kext
9:361  0:000  === [ ScanVolumes ] =============================
9:361  0:000  Found 7 volumes with blockIO
9:361  0:000  - [00]: Volume: PcieRoot(0x0)\Pci(0x1F,0x2)\Sata(0x0,0x0,0x0)
9:367  0:006          Result of bootcode detection: bootable unknown (legacy)
9:367  0:000  - [01]: Volume: PcieRoot(0x0)\Pci(0x1F,0x2)\Sata(0x1,0x0,0x0)
9:367  0:000  - [02]: Volume: PcieRoot(0x0)\Pci(0x1F,0x2)\Sata(0x0,0x0,0x0)\HD(1,GPT,9C070FD6-E9B4-4A1A-BFB9-85E3A8F1D637,0x28,0x64000)
9:367  0:000          Result of bootcode detection: bootable unknown (legacy)
9:384  0:016            label : EFI
9:384  0:000          This is SelfVolume !!
9:384  0:000  - [03]: Volume: PcieRoot(0x0)\Pci(0x1F,0x2)\Sata(0x0,0x0,0x0)\HD(2,GPT,56AFC2DD-1336-4C58-AD18-5DC62F3A1324,0x64028,0x2E8DDC28)
9:406  0:021            label : Big Mac
9:406  0:000  - [04]: Volume: PcieRoot(0x0)\Pci(0x1F,0x2)\Sata(0x0,0x0,0x0)\HD(3,GPT,C4FD468A-6B85-49CB-ABCF-91D58FAED009,0x2E941C50,0x135F20)
9:437  0:031            label : Recovery HD
9:437  0:000  - [05]: Volume: PcieRoot(0x0)\Pci(0x1F,0x2)\Sata(0x0,0x0,0x0)\HD(4,GPT,3A199E90-B08F-4012-A3C0-2762541CA886,0x2EA77B70,0xB7D7D38)
9:466  0:029            label : Small Mac
9:466  0:000  - [06]: Volume: PcieRoot(0x0)\Pci(0x1F,0x2)\Sata(0x0,0x0,0x0)\HD(5,GPT,60DFA536-2455-41EB-A59E-0243FF80A731,0x3A24F8A8,0x135F20)
9:484  0:017            label : Recovery HD
9:484  0:000  Searching volumes for latest nvram.plist ...
9:502  0:018  loaded Status=Not Found
9:502  0:000  PutNvramPlistToRtVars: nvram.plist not found
9:502  0:000  found 1 handles with audio
9:502  0:000  No AudioIoDevice stored
9:502  0:000  no stored audio parameters
9:502  0:000  Found Audio Device Realtek ALC889A (LineOut) at index 0
9:502  0:000  Found Audio Device Realtek ALC889A (LineOut) at index 1
9:502  0:000  Found Audio Device Realtek ALC889A (LineOut) at index 2
9:502  0:000  Found Audio Device Realtek ALC889A (LineOut) at index 3
9:502  0:000  Found Audio Device Realtek ALC889A (Headphones) at index 4
9:502  0:000  Found Audio Device Realtek ALC889A (SPDIF) at index 5
9:502  0:000  === [ InitXTheme ] ==============================
9:502  0:000  use Daylight theme
9:517  0:014  Using theme 'tonymacx86' (tonymacx86)
9:517  0:000  chosen theme tonymacx86
9:748  0:231  sound play end with status=Device Error
9:751  0:002  theme inited
9:751  0:000  Chosen theme tonymacx86
9:751  0:000  after NVRAM boot-args=dart=0
9:751  0:000  Scanning legacy ...
9:751  0:000  === [ Dump SMC keys from NVRAM ] ================
9:751  0:000  found AppleSMC protocol
9:751  0:000  Registered 0 SMC keys
9:751  0:000  === [ ScanLoader ] ==============================
9:751  0:000  - [02]: 'EFI'
9:762  0:011      AddLoaderEntry for Volume Name=EFI, idx=0
9:762  0:000      IconName=unknown comma=-1 size=7
9:762  0:000      Full=unknown
9:762  0:000      Show badge as OSImage.
9:762  0:000      Loader entry created for 'PcieRoot(0x0)\Pci(0x1F,0x2)\Sata(0x0,0x0,0x0)\HD(1,GPT,9C070FD6-E9B4-4A1A-BFB9-85E3A8F1D637,0x28,0x64000)\EFI\BOOT\BOOTX64.efi'
9:762  0:000       hiding entry: \EFI\BOOT\BOOTX64.efi
9:762  0:000  - [03]: 'Big Mac'
9:790  0:027      AddLoaderEntry for Volume Name=Big Mac, idx=1
9:808  0:018      Check if volume Is Hibernated:
9:808  0:000      Check sleep image 'by signature':
9:853  0:045      read prefs \Library\Preferences\com.apple.PowerManagement.plist status=Success
9:853  0:000      using default sleep image name = \private\var\vm\sleepimage
9:878  0:025      sleepimage not found -> Not Found
9:878  0:000      hibernated: no - sign
9:878  0:000      IconName=sierra,mac comma=6 size=10
9:878  0:000      first=os_sierra
9:879  0:000      Show badge as OSImage.
9:879  0:000      Loader entry created for 'PcieRoot(0x0)\Pci(0x1F,0x2)\Sata(0x0,0x0,0x0)\HD(2,GPT,56AFC2DD-1336-4C58-AD18-5DC62F3A1324,0x64028,0x2E8DDC28)\System\Library\CoreServices\boot.efi'
9:879  0:000  - [04]: 'Recovery HD'
9:879  0:000      AddLoaderEntry for Volume Name=Recovery HD, idx=2
9:897  0:017      IconName=sierra,mac comma=6 size=10
9:897  0:000      first=os_sierra
9:897  0:000      Show badge as OSImage.
9:897  0:000      Loader entry created for 'PcieRoot(0x0)\Pci(0x1F,0x2)\Sata(0x0,0x0,0x0)\HD(3,GPT,C4FD468A-6B85-49CB-ABCF-91D58FAED009,0x2E941C50,0x135F20)\com.apple.recovery.boot\boot.efi'
9:898  0:000  - [05]: 'Small Mac'
9:927  0:029      AddLoaderEntry for Volume Name=Small Mac, idx=3
9:935  0:008      Check if volume Is Hibernated:
9:935  0:000      Check sleep image 'by signature':
9:975  0:039      read prefs \Library\Preferences\SystemConfiguration\com.apple.PowerManagement.plist status=Success
9:975  0:000      SleepImage name from pref: ImageVolume = 'Small Mac', ImageName = '\private\var\vm\sleepimage'
10:002  0:027      sleepimage not found -> Not Found
10:002  0:000      hibernated: no - sign
10:002  0:000      IconName=mav,mac comma=3 size=7
10:002  0:000      first=os_mav
10:002  0:000      Show badge as OSImage.
10:002  0:000      Loader entry created for 'PcieRoot(0x0)\Pci(0x1F,0x2)\Sata(0x0,0x0,0x0)\HD(4,GPT,3A199E90-B08F-4012-A3C0-2762541CA886,0x2EA77B70,0xB7D7D38)\System\Library\CoreServices\boot.efi'
10:003  0:000  - [06]: 'Recovery HD'
10:017  0:014      AddLoaderEntry for Volume Name=Recovery HD, idx=4
10:028  0:011      IconName=cougar,mac comma=6 size=10
10:028  0:000      first=os_cougar
10:028  0:000      Show badge as OSImage.
10:028  0:000      Loader entry created for 'PcieRoot(0x0)\Pci(0x1F,0x2)\Sata(0x0,0x0,0x0)\HD(5,GPT,60DFA536-2455-41EB-A59E-0243FF80A731,0x3A24F8A8,0x135F20)\com.apple.recovery.boot\boot.efi'
10:029  0:000  === [ AddCustomTool ] ===========================
10:050  0:021  === [ GetEfiBootDeviceFromNvram ] ===============
10:050  0:000  Default boot entry not found
10:050  0:000  BannerPlace at Clear Screen [570,219]
10:115  0:064  AnimeRun=0
10:169  0:053  GUI ready
14:297  4:128  BootVariable of the entry is empty
14:297  0:000  === [ StartLoader ] =============================
14:297  0:000  Starting PcieRoot(0x0)\Pci(0x1F,0x2)\Sata(0x0,0x0,0x0)\HD(2,GPT,56AFC2DD-1336-4C58-AD18-5DC62F3A1324,0x64028,0x2E8DDC28)\System\Library\CoreServices\boot.efi
14:297  0:000  Finally: ExternalClock=334MHz BusSpeed=333296kHz CPUFreq=2333MHz PIS: hw.busfrequency=1336000000Hz
14:297  0:000  Beginning OC
14:297  0:000  OCST: Missing vault data, ignoring...
14:333  0:036  config-oc.plist isn't use at all
14:333  0:000  AddKextsInArray from Other
14:333  0:000  ->Extra kext: Other\AppleALC.kext (v.1.5.6)
14:333  0:000  ->Extra kext: Other\BrcmBluetoothInjector.kext (v.2.5.5)
14:333  0:000  ->Extra kext: Other\HibernationFixup.kext (v.1.3.9)
14:333  0:000  ->Extra kext: Other\Lilu.kext (v.1.5.0)
14:333  0:000  ->Extra kext: Other\RealtekRTL8111.kext (v.2.2.1)
14:333  0:000  ->Extra kext: Other\SMCProcessor.kext (v.1.1.9)
14:333  0:000  ->Extra kext: Other\SMCSuperIO.kext (v.1.1.9)
14:333  0:000  ->Extra kext: Other\VirtualSMC.kext (v.1.1.9)
14:333  0:000  ->Extra kext: Other\WhateverGreen.kext (v.1.4.6)
14:334  0:000  ->Extra kext: Other\CPUFriend.kext (v.1.2.3)
14:334  0:000  ->Extra kext: Other\AirportBrcmFixup.kext (v.2.1.2)
14:334  0:000      |-- PlugIn kext: Other\AirportBrcmFixup.kext\Contents\PlugIns\AirPortBrcm4360_Injector.kext (v.1.0)
14:334  0:000      |-- PlugIn kext: Other\AirportBrcmFixup.kext\Contents\PlugIns\AirPortBrcmNIC_Injector.kext (v.1.0)
14:334  0:000  ->Extra kext: Other\USBInjectAll.kext (v.0.7.1)
14:334  0:000  ->Extra kext: Other\BrcmFirmwareData.kext (v.2.5.5)
14:334  0:000  ->Extra kext: Other\BrcmFirmwareRepo.kext (v.2.5.5)
14:334  0:000  AddKextsInArray from Off
14:334  0:000  AddKextsInArray from 10
14:334  0:000  AddKextsInArray from 10_normal
14:334  0:000  AddKextsInArray from 10.12
14:334  0:000  ->Extra kext: 10.12\AppleALC.kext (v.1.5.6)
14:334  0:000  ->Extra kext: 10.12\AirportBrcmFixup.kext (v.2.1.2)
14:334  0:000      |-- PlugIn kext: 10.12\AirportBrcmFixup.kext\Contents\PlugIns\AirPortBrcm4360_Injector.kext (v.1.0)
14:334  0:000      |-- PlugIn kext: 10.12\AirportBrcmFixup.kext\Contents\PlugIns\AirPortBrcmNIC_Injector.kext (v.1.0)
14:334  0:000  ->Extra kext: 10.12\CPUFriend.kext (v.1.2.3)
14:334  0:000  ->Extra kext: 10.12\HibernationFixup.kext (v.1.3.9)
14:334  0:000  ->Extra kext: 10.12\Lilu.kext (v.1.5.0)
14:334  0:000  ->Extra kext: 10.12\RealtekRTL8111.kext (v.2.2.1)
14:334  0:000  ->Extra kext: 10.12\SMCProcessor.kext (v.1.1.9)
14:334  0:000  ->Extra kext: 10.12\SMCSuperIO.kext (v.1.1.9)
14:334  0:000  ->Extra kext: 10.12\USBInjectAll.kext (v.0.7.1)
14:334  0:000  ->Extra kext: 10.12\VirtualSMC.kext (v.1.1.9)
14:334  0:000  ->Extra kext: 10.12\WhateverGreen.kext (v.1.4.6)
14:334  0:000  ->Extra kext: 10.12\BrcmBluetoothInjector.kext (v.2.5.5)
14:334  0:000  ->Extra kext: 10.12\BrcmFirmwareData.kext (v.2.5.5)
14:334  0:000  ->Extra kext: 10.12\BrcmFirmwareRepo.kext (v.2.5.5)
14:334  0:000  ->Extra kext: 10.12\BrcmNonPatchRAM2.kext (v.2.5.5)
14:334  0:000  ->Extra kext: 10.12\BrcmPatchRAM2.kext (v.2.5.5)
14:334  0:000  AddKextsInArray from 10.12_normal
14:334  0:000  AddKextsInArray from 10.12.6
14:334  0:000  AddKextsInArray from 10.12.6_normal
14:334  0:000  Bridge kext to OC : Path=Lilu.kext
14:334  0:000  info plist path: Kexts\Other\Lilu.kext\Contents\Info.plist
14:343  0:008  assign executable as 'Contents\MacOS\Lilu'
14:343  0:000  Bridge kext to OC : Path=VirtualSMC.kext
14:343  0:000  info plist path: Kexts\Other\VirtualSMC.kext\Contents\Info.plist
14:344  0:001  assign executable as 'Contents\MacOS\VirtualSMC'
14:344  0:000  Bridge kext to OC : Path=WhateverGreen.kext
14:344  0:000  info plist path: Kexts\Other\WhateverGreen.kext\Contents\Info.plist
14:345  0:000  assign executable as 'Contents\MacOS\WhateverGreen'
14:345  0:000  Bridge kext to OC : Path=AppleALC.kext
14:352  0:006  info plist path: Kexts\Other\AppleALC.kext\Contents\Info.plist
14:384  0:032  assign executable as 'Contents\MacOS\AppleALC'
14:384  0:000  Bridge kext to OC : Path=SMCProcessor.kext
14:384  0:000  info plist path: Kexts\Other\SMCProcessor.kext\Contents\Info.plist
14:384  0:000  assign executable as 'Contents\MacOS\SMCProcessor'
14:384  0:000  Bridge kext to OC : Path=SMCSuperIO.kext
14:384  0:000  info plist path: Kexts\Other\SMCSuperIO.kext\Contents\Info.plist
14:398  0:014  assign executable as 'Contents\MacOS\SMCSuperIO'
14:398  0:000  Bridge kext to OC : Path=BrcmFirmwareData.kext
14:399  0:000  info plist path: Kexts\Other\BrcmFirmwareData.kext\Contents\Info.plist
14:410  0:011  assign executable as 'Contents\MacOS\BrcmFirmwareData'
14:410  0:000  Bridge kext to OC : Path=BrcmPatchRAM2.kext
14:430  0:019  info plist path: Kexts\10.12\BrcmPatchRAM2.kext\Contents\Info.plist
14:438  0:008  assign executable as 'Contents\MacOS\BrcmPatchRAM2'
14:438  0:000  Bridge kext to OC : Path=BrcmBluetoothInjector.kext
14:438  0:000  info plist path: Kexts\Other\BrcmBluetoothInjector.kext\Contents\Info.plist
14:440  0:001  Bridge kext to OC : Path=HibernationFixup.kext
14:440  0:000  info plist path: Kexts\Other\HibernationFixup.kext\Contents\Info.plist
14:450  0:010  assign executable as 'Contents\MacOS\HibernationFixup'
14:450  0:000  Bridge kext to OC : Path=RealtekRTL8111.kext
14:450  0:000  info plist path: Kexts\Other\RealtekRTL8111.kext\Contents\Info.plist
14:451  0:000  assign executable as 'Contents\MacOS\RealtekRTL8111'
14:451  0:000  Bridge kext to OC : Path=CPUFriend.kext
14:451  0:000  info plist path: Kexts\Other\CPUFriend.kext\Contents\Info.plist
14:460  0:009  assign executable as 'Contents\MacOS\CPUFriend'
14:460  0:000  Bridge kext to OC : Path=AirportBrcmFixup.kext
14:460  0:000  info plist path: Kexts\Other\AirportBrcmFixup.kext\Contents\Info.plist
14:460  0:000  assign executable as 'Contents\MacOS\AirportBrcmFixup'
14:460  0:000  Bridge kext to OC : Path=AirPortBrcm4360_Injector.kext
14:460  0:000  info plist path: Kexts\Other\AirportBrcmFixup.kext\Contents\PlugIns\AirPortBrcm4360_Injector.kext\Contents\Info.plist
14:461  0:000  Bridge kext to OC : Path=AirPortBrcmNIC_Injector.kext
14:461  0:000  info plist path: Kexts\Other\AirportBrcmFixup.kext\Contents\PlugIns\AirPortBrcmNIC_Injector.kext\Contents\Info.plist
14:461  0:000  Bridge kext to OC : Path=USBInjectAll.kext
14:461  0:000  info plist path: Kexts\Other\USBInjectAll.kext\Contents\Info.plist
14:476  0:015  assign executable as 'Contents\MacOS\USBInjectAll'
14:476  0:000  Bridge kext to OC : Path=BrcmFirmwareRepo.kext
14:476  0:000  info plist path: Kexts\Other\BrcmFirmwareRepo.kext\Contents\Info.plist
14:483  0:007  assign executable as 'Contents\MacOS\BrcmFirmwareRepo'
14:483  0:000  Bridge kext to OC : Path=AppleALC.kext
14:484  0:000  info plist path: Kexts\10.12\AppleALC.kext\Contents\Info.plist
14:506  0:022  assign executable as 'Contents\MacOS\AppleALC'
14:506  0:000  Bridge kext to OC : Path=AirportBrcmFixup.kext
14:506  0:000  info plist path: Kexts\10.12\AirportBrcmFixup.kext\Contents\Info.plist
14:507  0:000  assign executable as 'Contents\MacOS\AirportBrcmFixup'
14:507  0:000  Bridge kext to OC : Path=AirPortBrcm4360_Injector.kext
14:507  0:000  info plist path: Kexts\10.12\AirportBrcmFixup.kext\Contents\PlugIns\AirPortBrcm4360_Injector.kext\Contents\Info.plist
14:507  0:000  Bridge kext to OC : Path=AirPortBrcmNIC_Injector.kext
14:507  0:000  info plist path: Kexts\10.12\AirportBrcmFixup.kext\Contents\PlugIns\AirPortBrcmNIC_Injector.kext\Contents\Info.plist
14:507  0:000  Bridge kext to OC : Path=CPUFriend.kext
14:507  0:000  info plist path: Kexts\10.12\CPUFriend.kext\Contents\Info.plist
14:507  0:000  assign executable as 'Contents\MacOS\CPUFriend'
14:507  0:000  Bridge kext to OC : Path=HibernationFixup.kext
14:508  0:000  info plist path: Kexts\10.12\HibernationFixup.kext\Contents\Info.plist
14:508  0:000  assign executable as 'Contents\MacOS\HibernationFixup'
14:508  0:000  Bridge kext to OC : Path=Lilu.kext
14:508  0:000  info plist path: Kexts\10.12\Lilu.kext\Contents\Info.plist
14:509  0:000  assign executable as 'Contents\MacOS\Lilu'
14:509  0:000  Bridge kext to OC : Path=RealtekRTL8111.kext
14:509  0:000  info plist path: Kexts\10.12\RealtekRTL8111.kext\Contents\Info.plist
14:509  0:000  assign executable as 'Contents\MacOS\RealtekRTL8111'
14:509  0:000  Bridge kext to OC : Path=SMCProcessor.kext
14:509  0:000  info plist path: Kexts\10.12\SMCProcessor.kext\Contents\Info.plist
14:509  0:000  assign executable as 'Contents\MacOS\SMCProcessor'
14:509  0:000  Bridge kext to OC : Path=SMCSuperIO.kext
14:509  0:000  info plist path: Kexts\10.12\SMCSuperIO.kext\Contents\Info.plist
14:509  0:000  assign executable as 'Contents\MacOS\SMCSuperIO'
14:509  0:000  Bridge kext to OC : Path=USBInjectAll.kext
14:509  0:000  info plist path: Kexts\10.12\USBInjectAll.kext\Contents\Info.plist
14:524  0:014  assign executable as 'Contents\MacOS\USBInjectAll'
14:524  0:000  Bridge kext to OC : Path=VirtualSMC.kext
14:524  0:000  info plist path: Kexts\10.12\VirtualSMC.kext\Contents\Info.plist
14:525  0:000  assign executable as 'Contents\MacOS\VirtualSMC'
14:525  0:000  Bridge kext to OC : Path=WhateverGreen.kext
14:525  0:000  info plist path: Kexts\10.12\WhateverGreen.kext\Contents\Info.plist
14:526  0:000  assign executable as 'Contents\MacOS\WhateverGreen'
14:526  0:000  Bridge kext to OC : Path=BrcmBluetoothInjector.kext
14:526  0:000  info plist path: Kexts\10.12\BrcmBluetoothInjector.kext\Contents\Info.plist
14:536  0:009  Bridge kext to OC : Path=BrcmFirmwareData.kext
14:536  0:000  info plist path: Kexts\10.12\BrcmFirmwareData.kext\Contents\Info.plist
14:536  0:000  assign executable as 'Contents\MacOS\BrcmFirmwareData'
14:536  0:000  Bridge kext to OC : Path=BrcmFirmwareRepo.kext
14:536  0:000  info plist path: Kexts\10.12\BrcmFirmwareRepo.kext\Contents\Info.plist
14:542  0:005  assign executable as 'Contents\MacOS\BrcmFirmwareRepo'
14:542  0:000  Bridge kext to OC : Path=BrcmNonPatchRAM2.kext
14:542  0:000  info plist path: Kexts\10.12\BrcmNonPatchRAM2.kext\Contents\Info.plist
14:561  0:018  Load OpenRuntime.efi : Status Not Found
14:561  0:000  Start OpenRuntime.efi : Status Invalid Parameter
14:561  0:000  OC: OcMiscEarlyInit...
14:573  0:011  OC: Watchdog status is 1
14:575  0:001  OC: OpenCore DBG-061-2021-01-07 is loading in Optional mode (0/0)...
14:577  0:002  OC: Boot timestamp - 2021.01.12 16:24:26
14:579  0:002  OCCPU: Found Intel(R) Core(TM)2 Quad CPU    Q8200  @ 2.33GHz
14:583  0:003  OCCPU: Signature 1067A Stepping A Model 17 Family 6 Type 0 ExtModel 1 ExtFamily 0 uCode A0E
14:585  0:001  OCCPU: EIST CFG Lock 0
14:587  0:001  OCCPU: Ratio Min 0 Max 7 Current 0 Turbo 0 0 0 0
14:689  0:102  TscFrequency 2333068188
14:691  0:002  OCCPU: Detected Apple Processor Type: 04 -> 0402
14:697  0:005  OCCPU: CPUFrequencyFromTSC  2333068188Hz  2333MHz
14:699  0:001  OCCPU: CPUFrequency  2333068188Hz  2333MHz
14:701  0:002  OCCPU: FSBFrequency   333295455Hz   333MHz
14:703  0:001  OCCPU: Pkg 0 Cores 4 Threads 4
14:707  0:003  OC: OcLoadNvramSupport...
14:708  0:001  OC: Current version is DBG-061-2021-01-07
14:711  0:002  OC: OcMiscMiddleInit...
14:713  0:001  OC: LoadHandle 0 with BootProtect in  mode - Unsupported
14:715  0:002  OC: OcLoadUefiSupport...
14:717  0:001  OcAppleEventInstallProtocol
14:719  0:001  InternalCreateQueueEvent
14:722  0:002  EventCreateSimplePointerInstallNotifyEvent
14:724  0:001  InternalSimplePointerInstallNotifyFunction
14:726  0:001  InternalRegisterSimplePointerInterface
14:730  0:004  InternalRegisterSimplePointerInterface
14:732  0:002  OcOSInfoInstallProtocol
14:734  0:002  OCRTC: OcAppleRtcRamInstallProtocol
14:736  0:001  OCRTC: Wake log is 0xEA 0x77  100 0xB4
14:738  0:002  OcAppleFbInfoInstallProtocol
14:740  0:001  OC: Loading Apple Secure Boot with Disabled (level 0)
14:742  0:002  OCABC: RTDFRG 0 DEVMMIO 0 NOSU 0 NOVRWR 0 NOSB 0 NOHBMAP 0 SMSLIDE 0 WRUNPROT 0
14:744  0:002  OCABC: FEXITBS 0 PRMRG 0 CSLIDE 0 MSLIDE 0 PRSRV 0 RBMAP 0 VMAP 0 APPLOS 0 RTPERMS 0
14:748  0:003  OCABC: Awaiting rendezvous with OpenRuntime r11
14:751  0:003  OC: RBVR 0 DDBR 0
14:753  0:001  OC: Got 0 drivers
14:756  0:002  OCC: GOP exists on ConsoleOutHandle and has 4 modes
14:758  0:001  OC: Requested resolution is 1920x1080@0 (max: 0) from 1920x1080
14:760  0:001  OCC: Requesting 1920x1080@0 (max: 0) resolution, curr 3, total 4
14:762  0:002  OCC: Mode 0 - 640x480:1
14:764  0:001  OCC: Mode 1 - 800x600:1
14:766  0:002  OCC: Mode 2 - 1024x768:1
14:769  0:003  OCC: Mode 3 - 1280x1024:1
14:772  0:002  OCC: No compatible mode for 1920x1080@0 (max: 0) resolution
14:774  0:001  OC: Changed resolution to 1920x1080@0 (max: 0) from 1920x1080 - Not Found
14:776  0:001  OCC: Using builtin text renderer with 1 scale
14:818  0:042  OCC: Install console control (DDF73B90/0/0), current - Success
14:820  0:002  OCC: Setup ASCII Output - Success
14:822  0:001  OC: Requested console mode is 0x0 (max: 0) from 
14:826  0:003  OC: Requested not to use audio
14:829  0:003  OC: OcMiscLateInit...
14:832  0:002  OC: Invalid HibernateMode: 
14:833  0:001  OC: Translated HibernateMode  to 0
14:836  0:002  OC: Hibernation detection status is Not Found
14:838  0:002  OC: Panic log does not exist
14:840  0:001  OC: OcLoadKernelSupport...
14:843  0:002  OC: All green, starting boot management...
14:845  0:001  DevicePath = PcieRoot(0x0)/Pci(0x1F,0x2)/Sata(0x0,0x0,0x0)/HD(2,GPT,56AFC2DD-1336-4C58-AD18-5DC62F3A1324,0x64028,0x2E8DDC28)/\System\Library\CoreServices\boot.efi
14:888  0:043  OCB: Arch filtering DC068018(571960)->DC068018(571960) caps 4 - Success
14:932  0:044  GetOSVersion: 10.12.6 (16G2136)
14:932  0:000  Filtering KextPatches:
14:932  0:000   - [00]: AppleAHCIPort (External icons patch) :: BinPatch :: [OS: 10.12.6 | MatchOS: All | MatchBuild: All] ==> allowed
14:932  0:000   - [01]: AppleHDA (AppleHDA/Resources/xml>zml) :: BinPatch :: [OS: 10.12.6 | MatchOS: All | MatchBuild: All] ==> allowed
14:932  0:000   - [02]: AppleHDA (AppleHDA/Resources/xml>zml) :: BinPatch :: [OS: 10.12.6 | MatchOS: All | MatchBuild: All] ==> allowed
14:932  0:000   - [03]: IOErrorFix (NoLabel) :: BinPatch :: [OS: 10.12.6 | MatchOS: All | MatchBuild: All] ==> allowed
14:932  0:000  Will not patch boot.efi
14:932  0:000  Bridge AppleAHCIPort patch to OC : AppleAHCIPort (External icons patch)
14:932  0:000  Bridge AppleHDA patch to OC : AppleHDA (AppleHDA/Resources/xml>zml)
14:932  0:000  Bridge AppleHDA patch to OC : AppleHDA (AppleHDA/Resources/xml>zml)
14:932  0:000  Bridge IOErrorFix patch to OC : IOErrorFix (NoLabel)
14:932  0:000  === [ PatchSmbios ] =============================
14:932  0:000  insert table 9 for dev 0:0
14:932  0:000  insert table 9 for dev 0:0
14:932  0:000  insert table 9 for dev 7:0
14:933  0:000  Trusting SMBIOS...
14:933  0:000  Channels: 2
14:933  0:000  Interleave: 0 2 1 3 4 6 5 7 8 10 9 11 12 14 13 15 16 18 17 19 20 22 21 23
14:933  0:000  trusted SMBIOS data:
14:933  0:000  SmbiosTable.Type17->Vendor =  
14:933  0:000  SmbiosTable.Type17->SerialNumber =  
14:933  0:000  SmbiosTable.Type17->PartNumber =  
14:933  0:000   partNum unknown
14:933  0:000  SPD data in use:
14:933  0:000  SmbiosTable.Type17->Vendor = Corsair
14:933  0:000  SmbiosTable.Type17->SerialNumber = 00000000
14:933  0:000  SmbiosTable.Type17->PartNumber = CM2X2048-6400C5
14:933  0:000  SMBIOS Type 17 Index = 0 => 0 0:
14:933  0:000  BANK 0 DIMM0 800MHz 2048MB(Ext:810372425MB)
14:933  0:000  trusted SMBIOS data:
14:933  0:000  SmbiosTable.Type17->Vendor =  
14:933  0:000  SmbiosTable.Type17->SerialNumber =  
14:933  0:000  SmbiosTable.Type17->PartNumber =  
14:933  0:000   partNum unknown
14:933  0:000  SPD data in use:
14:933  0:000  SmbiosTable.Type17->Vendor = Corsair
14:933  0:000  SmbiosTable.Type17->SerialNumber = 00000000
14:933  0:000  SmbiosTable.Type17->PartNumber = CM2X2048-6400C5
14:933  0:000  SMBIOS Type 17 Index = 1 => 2 2:
14:933  0:000  BANK 1 DIMM0 800MHz 2048MB(Ext:810372425MB)
14:933  0:000  trusted SMBIOS data:
14:933  0:000  SmbiosTable.Type17->Vendor =  
14:933  0:000  SmbiosTable.Type17->SerialNumber =  
14:933  0:000  SmbiosTable.Type17->PartNumber =  
14:933  0:000   partNum unknown
14:933  0:000  SPD data in use:
14:933  0:000  SmbiosTable.Type17->Vendor = Corsair
14:933  0:000  SmbiosTable.Type17->SerialNumber = 00000000
14:933  0:000  SmbiosTable.Type17->PartNumber = CM2X2048-6400C5
14:933  0:000  SMBIOS Type 17 Index = 2 => 1 1:
14:933  0:000  BANK 0 DIMM1 800MHz 2048MB(Ext:827149641MB)
14:933  0:000  trusted SMBIOS data:
14:933  0:000  SmbiosTable.Type17->Vendor =  
14:933  0:000  SmbiosTable.Type17->SerialNumber =  
14:933  0:000  SmbiosTable.Type17->PartNumber =  
14:933  0:000   partNum unknown
14:933  0:000  SPD data in use:
14:933  0:000  SmbiosTable.Type17->Vendor = Corsair
14:933  0:000  SmbiosTable.Type17->SerialNumber = 00000000
14:933  0:000  SmbiosTable.Type17->PartNumber = CM2X2048-6400C5
14:933  0:000  SMBIOS Type 17 Index = 3 => 3 3:
14:933  0:000  BANK 1 DIMM1 800MHz 2048MB(Ext:827149641MB)
14:933  0:000  mTotalSystemMemory = 8192
14:933  0:000  NumberOfMemoryDevices = 4
14:933  0:000  Type20[0]->End = 0x1FFFFF, Type17[0] = 800
14:933  0:000  Type20[1]->End = 0x3FFFFF, Type17[1] = 1800
14:933  0:000  Type20[2]->End = 0x5FFFFF, Type17[2] = 3000
14:933  0:000  Type20[3]->End = 0x7FFFFF, Type17[3] = 5000
14:933  0:000  === [ PatchACPI ] ===============================
14:933  0:000  Xsdt is not found! Creating new one
14:933  0:000  RsdPointer is Acpi 1.0 - creating new one Acpi 2.0
14:933  0:000  RsdPointer Acpi 2.0 installed
14:933  0:000  RSDT entries = 7
14:933  0:000  Xsdt reallocation done
14:933  0:000  old FADT length=74
14:933  0:000   SignatureFixup: 0x0 -> 0x0
14:933  0:000  DSDT found in Clover volume: \EFI\CLOVER\ACPI\patched\DSDT-GA-EP45-UD3R-1.1-F12.aml
14:936  0:003  Apply DsdtFixMask=0x0000BD55
14:936  0:000  === [ FixBiosDsdt ] =============================
14:937  0:000  Start HPET Fix
14:937  0:000  Start Display0 Fix
14:937  0:000  add device PEG0
14:937  0:000  add device GFX0
14:937  0:000  Skipping Method(_DSM) for 10DE card
14:937  0:000  patch Display #0 of Vendor=0x10DE
14:937  0:000  patch LAN0 in DSDT 
14:937  0:000  NewName HDEF already present, renaming impossible
14:939  0:001  PreCleanup XSDT: count=7, length=92
14:939  0:000  PreCleanup XSDT, corrected XSDT: count=7, length=92
14:939  0:000  === [ ACPIDropTables ] ==========================
14:940  0:000  ApicCPUNum=4
14:940  0:000  Cleanup XSDT: count=7, length=92
14:940  0:000  corrected XSDT count=7, length=92
14:940  0:000  === [ RestSetup macOS ] =========================
14:940  0:000  mem_detected 768Mb
14:940  0:000  read_nVidia_ROM
14:940  0:000  Using PRAMIN fixups
15:045  0:105  version 62.92.4C.00.37
15:045  0:000  nVidia XFX GeForce 9600 GSO  768MB NV92 [10DE:0610] :: PcieRoot(0x0)\Pci(0x1,0x0)\Pci(0x0,0x0) => device #1
15:045  0:000  Nvidia: VideoPorts: undefined, default to: 2
15:045  0:000  set NVCAP: 04000000-00000300-0C000000-00000007-00000000
15:045  0:000   setting specified layout-id=1 (0x1)
15:046  0:000  stringlength = 3282
15:046  0:000  CurrentMode: Width=1280 Height=1024
15:046  0:000  ** Warning: Your MLB is not suitable for iMessage(must be 17 chars long) !
15:046  0:000  Use origin smbios table type 1 guid.
15:047  0:000  SetStartupDiskVolume:
15:047  0:000    * Volume: 'Big Mac'
15:047  0:000    * LoaderPath: ''
15:047  0:000    * DevPath: Big Mac
15:047  0:000    * GUID = 56AFC2DD-1336-4C58-AD18-5DC62F3A1324
15:047  0:000    * efi-boot-device: <array><dict><key>IOMatch</key><dict><key>IOProviderClass</key><string>IOMedia</string><key>IOPropertyMatch</key><dict><key>UUID</key><string>56AFC2DD-1336-4C58-AD18-5DC62F3A1324</string></dict></dict></dict></array>
15:047  0:000  Custom boot is disabled
15:047  0:000  Closing log
15:047  0:000  OC: Supported boot capabilities 4
15:050  0:003  OCOS: OS set: <null> Mac OS X 10.12
15:052  0:001  OCOS: OS set: Apple Inc. Mac OS X 10.12
15:054  0:001  OCOS: Should use black background
15:068  0:013  OC: Opening file System\Library\Kernels\kernel with 1 mode gave - Success
15:079  0:010  OC: Opening file \System\Library\CoreServices\com.apple.Boot.plist with 1 mode gave - Not Found
15:107  0:028  OC: Opening file Library\Preferences\SystemConfiguration\com.apple.Boot.plist with 1 mode gave - Success
15:128  0:021  OC: Opening file \System\Library\CoreServices\PlatformSupport.plist with 1 mode gave - Success
15:190  0:062  OC: Opening file System\Library\PrelinkedKernels\prelinkedkernel.development with 1 mode gave - Not Found
15:195  0:004  OC: Opening file System\Library\PrelinkedKernels\prelinkedkernel with 1 mode gave - Success
15:452  0:256  OC: Kext reservation size info 640000 exe B84000
15:462  0:010  OC: Trying 64-bit XNU hook on System\Library\PrelinkedKernels\prelinkedkernel
16:662  1:199  OCAK: Compressed result has D4CED018 magic
16:664  0:002  OCAK: Found 64-bit Mach-O compressed 1 offset 28 size 51904512
16:666  0:001  OC: Result of 64-bit XNU hook on System\Library\PrelinkedKernels\prelinkedkernel (00000000) is Success
16:737  0:070  OCAK: Read kernel version 16.7.0 (160700)
16:739  0:001  OC: Kernel patch skipped [0] AppleAHCIPort (External icons patch)
16:741  0:002  OC: Kernel patch skipped [1] AppleHDA (AppleHDA/Resources/xml>zml)
16:743  0:001  OC: Kernel patch skipped [2] AppleHDA (AppleHDA/Resources/xml>zml)
16:745  0:002  OC: Kernel patch skipped [3] IOErrorFix (NoLabel)
16:795  0:049  OCAK: Reducing prelink size from 3180000 to 2EC1000 via plist
16:797  0:002  OCAK: as.vit9696.Lilu got KXLD 0 0
16:801  0:003  OCAK: Requesting __LINKEDIT for as.vit9696.Lilu - D7BAE438 at 2EC1000
16:803  0:002  OCAK: Requesting SymbolTable for as.vit9696.Lilu - 516
16:805  0:001  OCAK: Requesting __LINKEDIT for __kernel__ - 0 at 0
16:807  0:002  OCAK: Requesting SymbolTable for __kernel__ - 21171
16:845  0:037  OCAK: com.apple.kpi.bsd got KXLD 0 0
16:847  0:002  OCAK: Requesting __LINKEDIT for com.apple.kpi.bsd - D59B5038 at CC8000
16:849  0:001  OCAK: Requesting SymbolTable for com.apple.kpi.bsd - 829
16:854  0:004  OCAK: com.apple.kpi.dsep got KXLD 0 0
16:856  0:001  OCAK: Requesting __LINKEDIT for com.apple.kpi.dsep - D5E21038 at 1134000
16:858  0:002  OCAK: Requesting SymbolTable for com.apple.kpi.dsep - 36
16:860  0:002  OCAK: com.apple.kpi.iokit got KXLD 0 0
16:862  0:001  OCAK: Requesting __LINKEDIT for com.apple.kpi.iokit - D5A02038 at D15000
16:864  0:001  OCAK: Requesting SymbolTable for com.apple.kpi.iokit - 2150
16:868  0:003  OCAK: com.apple.kpi.libkern got KXLD 0 0
16:871  0:003  OCAK: Requesting __LINKEDIT for com.apple.kpi.libkern - D599D038 at CB0000
16:873  0:002  OCAK: Requesting SymbolTable for com.apple.kpi.libkern - 880
16:876  0:002  OCAK: com.apple.kpi.mach got KXLD 0 0
16:879  0:002  OCAK: Requesting __LINKEDIT for com.apple.kpi.mach - D59B1038 at CC4000
16:881  0:001  OCAK: Requesting SymbolTable for com.apple.kpi.mach - 63
16:883  0:002  OCAK: com.apple.kpi.unsupported got KXLD 0 0
16:885  0:002  OCAK: Requesting __LINKEDIT for com.apple.kpi.unsupported - D59AB038 at CBE000
16:889  0:003  OCAK: Requesting SymbolTable for com.apple.kpi.unsupported - 227
16:902  0:013  OC: Prelinked injection Kexts\Other\Lilu.kext () - Success
16:907  0:004  OCAK: as.vit9696.VirtualSMC got KXLD 0 0
16:909  0:001  OCAK: Requesting __LINKEDIT for as.vit9696.VirtualSMC - D7BDA438 at 2EED000
16:911  0:002  OCAK: Requesting SymbolTable for as.vit9696.VirtualSMC - 452
16:913  0:001  OCAK: Requesting SymbolTable for as.vit9696.Lilu - 133
16:916  0:003  OCAK: com.apple.iokit.IOACPIFamily got KXLD 0 0
16:923  0:007  OCAK: Requesting __LINKEDIT for com.apple.iokit.IOACPIFamily - D64F6398 at 1809000
16:925  0:001  OCAK: Requesting SymbolTable for com.apple.iokit.IOACPIFamily - 167
16:927  0:002  OCAK: com.apple.kpi.private got KXLD 0 0
16:930  0:002  OCAK: Requesting __LINKEDIT for com.apple.kpi.private - D5A23038 at D36000
16:932  0:002  OCAK: Requesting SymbolTable for com.apple.kpi.private - 825
16:949  0:017  OC: Prelinked injection Kexts\Other\VirtualSMC.kext () - Success
16:956  0:006  OCAK: as.vit9696.WhateverGreen got KXLD 0 0
16:958  0:002  OCAK: Requesting __LINKEDIT for as.vit9696.WhateverGreen - D7BF43E8 at 2F07000
16:960  0:001  OCAK: Requesting SymbolTable for as.vit9696.WhateverGreen - 408
16:962  0:002  OCAK: com.apple.iokit.IOPCIFamily got KXLD 0 0
16:965  0:002  OCAK: Requesting __LINKEDIT for com.apple.iokit.IOPCIFamily - D5B113E8 at E24000
16:967  0:001  OCAK: Requesting SymbolTable for com.apple.iokit.IOPCIFamily - 674
16:989  0:021  OC: Prelinked injection Kexts\Other\WhateverGreen.kext () - Success
17:003  0:014  OCAK: as.vit9696.AppleALC got KXLD 0 0
17:006  0:002  OCAK: Requesting __LINKEDIT for as.vit9696.AppleALC - D7C6F3E8 at 2F82000
17:008  0:001  OCAK: Requesting SymbolTable for as.vit9696.AppleALC - 438
17:028  0:020  OC: Prelinked injection Kexts\Other\AppleALC.kext () - Success
17:032  0:003  OCAK: as.vit9696.SMCProcessor got KXLD 0 0
17:034  0:001  OCAK: Requesting __LINKEDIT for as.vit9696.SMCProcessor - D7DDE3E8 at 30F1000
17:038  0:003  OCAK: Requesting SymbolTable for as.vit9696.SMCProcessor - 355
17:040  0:001  OCAK: Requesting SymbolTable for as.vit9696.VirtualSMC - 27
17:054  0:014  OC: Prelinked injection Kexts\Other\SMCProcessor.kext () - Success
17:056  0:002  OCAK: ru.joedm.SMCSuperIO got KXLD 0 0
17:058  0:001  OCAK: Requesting __LINKEDIT for ru.joedm.SMCSuperIO - D7DED3E8 at 3100000
17:060  0:001  OCAK: Requesting SymbolTable for ru.joedm.SMCSuperIO - 335
17:076  0:015  OC: Prelinked injection Kexts\Other\SMCSuperIO.kext () - Success
17:086  0:009  OCAK: as.acidanthera.BrcmFirmwareStore got KXLD 0 0
17:088  0:001  OCAK: Requesting __LINKEDIT for as.acidanthera.BrcmFirmwareStore - D7E01398 at 3114000
17:090  0:002  OCAK: Requesting SymbolTable for as.acidanthera.BrcmFirmwareStore - 680
17:101  0:011  OC: Prelinked injection Kexts\Other\BrcmFirmwareData.kext () - Success
17:105  0:003  OCAK: as.acidanthera.BrcmPatchRAM2 got KXLD 0 0
17:107  0:001  OCAK: Requesting __LINKEDIT for as.acidanthera.BrcmPatchRAM2 - D80B2398 at 33C5000
17:110  0:003  OCAK: Requesting SymbolTable for as.acidanthera.BrcmPatchRAM2 - 860
17:112  0:001  OCAK: Requesting SymbolTable for as.acidanthera.BrcmFirmwareStore - 367
17:116  0:003  OCAK: com.apple.iokit.IOUSBHostFamily got KXLD 0 0
17:119  0:002  OCAK: Requesting __LINKEDIT for com.apple.iokit.IOUSBHostFamily - D650C3E8 at 181F000
17:122  0:003  OCAK: Requesting SymbolTable for com.apple.iokit.IOUSBHostFamily - 1548
17:125  0:002  OCAK: com.apple.driver.AppleBusPowerController got KXLD 0 0
17:129  0:004  OCAK: Requesting __LINKEDIT for com.apple.driver.AppleBusPowerController - D64FF348 at 1812000
17:131  0:002  OCAK: Requesting SymbolTable for com.apple.driver.AppleBusPowerController - 107
17:161  0:029  OC: Prelinked injection Kexts\10.12\BrcmPatchRAM2.kext () - Success
17:165  0:004  OC: Prelinked injection Kexts\Other\BrcmBluetoothInjector.kext () - Success
17:167  0:002  OCAK: as.lvs1974.HibernationFixup got KXLD 0 0
17:169  0:002  OCAK: Requesting __LINKEDIT for as.lvs1974.HibernationFixup - D80C8438 at 33DB000
17:173  0:003  OCAK: Requesting SymbolTable for as.lvs1974.HibernationFixup - 565
17:186  0:012  OC: Prelinked injection Kexts\Other\HibernationFixup.kext () - Success
17:189  0:003  OCAK: com.insanelymac.RealtekRTL8111 got KXLD 0 0
17:191  0:002  OCAK: Requesting __LINKEDIT for com.insanelymac.RealtekRTL8111 - D80D6398 at 33E9000
17:193  0:001  OCAK: Requesting SymbolTable for com.insanelymac.RealtekRTL8111 - 616
17:199  0:006  OCAK: com.apple.iokit.IONetworkingFamily got KXLD 0 0
17:203  0:003  OCAK: Requesting __LINKEDIT for com.apple.iokit.IONetworkingFamily - D66813E8 at 1994000
17:206  0:002  OCAK: Requesting SymbolTable for com.apple.iokit.IONetworkingFamily - 961
17:232  0:025  OC: Prelinked injection Kexts\Other\RealtekRTL8111.kext () - Success
17:234  0:002  OCAK: org.vanilla.driver.CPUFriend got KXLD 0 0
17:236  0:001  OCAK: Requesting __LINKEDIT for org.vanilla.driver.CPUFriend - D81483E8 at 345B000
17:238  0:001  OCAK: Requesting SymbolTable for org.vanilla.driver.CPUFriend - 339
17:253  0:015  OC: Prelinked injection Kexts\Other\CPUFriend.kext () - Success
17:256  0:002  OCAK: as.lvs1974.AirportBrcmFixup got KXLD 0 0
17:258  0:001  OCAK: Requesting __LINKEDIT for as.lvs1974.AirportBrcmFixup - D81533E8 at 3466000
17:260  0:001  OCAK: Requesting SymbolTable for as.lvs1974.AirportBrcmFixup - 378
17:273  0:013  OC: Prelinked injection Kexts\Other\AirportBrcmFixup.kext () - Success
17:276  0:002  OC: Prelinked injection Kexts\Other\AirportBrcmFixup.kext\Contents\PlugIns\AirPortBrcm4360_Injector.kext () - Success
17:281  0:004  OC: Prelinked injection Kexts\Other\AirportBrcmFixup.kext\Contents\PlugIns\AirPortBrcmNIC_Injector.kext () - Success
17:286  0:005  OCAK: com.rehabman.driver.USBInjectAll got KXLD 0 0
17:289  0:002  OCAK: Requesting __LINKEDIT for com.rehabman.driver.USBInjectAll - D8161398 at 3474000
17:291  0:002  OCAK: Requesting SymbolTable for com.rehabman.driver.USBInjectAll - 351
17:306  0:015  OC: Prelinked injection Kexts\Other\USBInjectAll.kext () - Success
17:310  0:003  OCAK: as.acidanthera.BrcmFirmwareStore got KXLD 0 0
17:312  0:002  OCAK: Requesting __LINKEDIT for as.acidanthera.BrcmFirmwareStore - D816C348 at 347F000
17:314  0:002  OCAK: Requesting SymbolTable for as.acidanthera.BrcmFirmwareStore - 475
17:325  0:011  OC: Prelinked injection Kexts\Other\BrcmFirmwareRepo.kext () - Success
17:333  0:007  OCAK: as.vit9696.AppleALC got KXLD 0 0
17:336  0:002  OCAK: Requesting __LINKEDIT for as.vit9696.AppleALC - D817B3E8 at 348E000
17:346  0:010  OCAK: Requesting SymbolTable for as.vit9696.AppleALC - 438
17:366  0:020  OC: Prelinked injection Kexts\10.12\AppleALC.kext () - Success
17:372  0:005  OCAK: as.lvs1974.AirportBrcmFixup got KXLD 0 0
17:374  0:001  OCAK: Requesting __LINKEDIT for as.lvs1974.AirportBrcmFixup - D82EA3E8 at 35FD000
17:376  0:002  OCAK: Requesting SymbolTable for as.lvs1974.AirportBrcmFixup - 378
17:390  0:013  OC: Prelinked injection Kexts\10.12\AirportBrcmFixup.kext () - Success
17:396  0:006  OC: Prelinked injection Kexts\10.12\AirportBrcmFixup.kext\Contents\PlugIns\AirPortBrcm4360_Injector.kext () - Success
17:398  0:002  OC: Prelinked injection Kexts\10.12\AirportBrcmFixup.kext\Contents\PlugIns\AirPortBrcmNIC_Injector.kext () - Success
17:400  0:002  OCAK: org.vanilla.driver.CPUFriend got KXLD 0 0
17:403  0:002  OCAK: Requesting __LINKEDIT for org.vanilla.driver.CPUFriend - D82F83E8 at 360B000
17:405  0:002  OCAK: Requesting SymbolTable for org.vanilla.driver.CPUFriend - 339
17:419  0:014  OC: Prelinked injection Kexts\10.12\CPUFriend.kext () - Success
17:423  0:004  OCAK: as.lvs1974.HibernationFixup got KXLD 0 0
17:425  0:001  OCAK: Requesting __LINKEDIT for as.lvs1974.HibernationFixup - D8303438 at 3616000
17:427  0:001  OCAK: Requesting SymbolTable for as.lvs1974.HibernationFixup - 565
17:440  0:012  OC: Prelinked injection Kexts\10.12\HibernationFixup.kext () - Success
17:442  0:002  OCAK: as.vit9696.Lilu got KXLD 0 0
17:445  0:002  OCAK: Requesting __LINKEDIT for as.vit9696.Lilu - D8311438 at 3624000
17:449  0:003  OCAK: Requesting SymbolTable for as.vit9696.Lilu - 516
17:462  0:013  OC: Prelinked injection Kexts\10.12\Lilu.kext () - Success
17:464  0:002  OCAK: com.insanelymac.RealtekRTL8111 got KXLD 0 0
17:466  0:001  OCAK: Requesting __LINKEDIT for com.insanelymac.RealtekRTL8111 - D833D398 at 3650000
17:468  0:001  OCAK: Requesting SymbolTable for com.insanelymac.RealtekRTL8111 - 616
17:485  0:016  OC: Prelinked injection Kexts\10.12\RealtekRTL8111.kext () - Success
17:493  0:008  OCAK: as.vit9696.SMCProcessor got KXLD 0 0
17:495  0:001  OCAK: Requesting __LINKEDIT for as.vit9696.SMCProcessor - D83AF3E8 at 36C2000
17:497  0:002  OCAK: Requesting SymbolTable for as.vit9696.SMCProcessor - 355
17:510  0:012  OC: Prelinked injection Kexts\10.12\SMCProcessor.kext () - Success
17:512  0:002  OCAK: ru.joedm.SMCSuperIO got KXLD 0 0
17:514  0:001  OCAK: Requesting __LINKEDIT for ru.joedm.SMCSuperIO - D83BE3E8 at 36D1000
17:516  0:001  OCAK: Requesting SymbolTable for ru.joedm.SMCSuperIO - 335
17:540  0:023  OC: Prelinked injection Kexts\10.12\SMCSuperIO.kext () - Success
17:547  0:006  OCAK: com.rehabman.driver.USBInjectAll got KXLD 0 0
17:549  0:001  OCAK: Requesting __LINKEDIT for com.rehabman.driver.USBInjectAll - D83D2398 at 36E5000
17:551  0:002  OCAK: Requesting SymbolTable for com.rehabman.driver.USBInjectAll - 351
17:566  0:015  OC: Prelinked injection Kexts\10.12\USBInjectAll.kext () - Success
17:572  0:006  OCAK: as.vit9696.VirtualSMC got KXLD 0 0
17:576  0:003  OCAK: Requesting __LINKEDIT for as.vit9696.VirtualSMC - D83DD438 at 36F0000
17:578  0:002  OCAK: Requesting SymbolTable for as.vit9696.VirtualSMC - 452
17:595  0:016  OC: Prelinked injection Kexts\10.12\VirtualSMC.kext () - Success
17:599  0:004  OCAK: as.vit9696.WhateverGreen got KXLD 0 0
17:601  0:001  OCAK: Requesting __LINKEDIT for as.vit9696.WhateverGreen - D83F73E8 at 370A000
17:603  0:002  OCAK: Requesting SymbolTable for as.vit9696.WhateverGreen - 408
17:618  0:014  OC: Prelinked injection Kexts\10.12\WhateverGreen.kext () - Success
17:623  0:005  OC: Prelinked injection Kexts\10.12\BrcmBluetoothInjector.kext () - Success
17:627  0:003  OCAK: as.acidanthera.BrcmFirmwareStore got KXLD 0 0
17:631  0:003  OCAK: Requesting __LINKEDIT for as.acidanthera.BrcmFirmwareStore - D8472398 at 3785000
17:633  0:001  OCAK: Requesting SymbolTable for as.acidanthera.BrcmFirmwareStore - 680
17:645  0:012  OC: Prelinked injection Kexts\10.12\BrcmFirmwareData.kext () - Success
17:647  0:002  OCAK: as.acidanthera.BrcmFirmwareStore got KXLD 0 0
17:651  0:003  OCAK: Requesting __LINKEDIT for as.acidanthera.BrcmFirmwareStore - D8723348 at 3A36000
17:653  0:002  OCAK: Requesting SymbolTable for as.acidanthera.BrcmFirmwareStore - 475
17:664  0:011  OC: Prelinked injection Kexts\10.12\BrcmFirmwareRepo.kext () - Success
17:668  0:003  OC: Prelinked injection Kexts\10.12\BrcmNonPatchRAM2.kext () - Success
17:670  0:001  OC: Prelink size 61100032 kext offset 49025024 reserved 12075008
17:738  0:067  OC: Kernel patch [0] AppleAHCIPort (External icons patch)
17:747  0:008  OCAK: Failed to pk find AppleAHCIPort - Not Found
17:751  0:004  OC: Kernel patcher result 0 for AppleAHCIPort (AppleAHCIPort (External icons patch)) - Not Found
17:753  0:001  OC: Kernel patch [1] AppleHDA (AppleHDA/Resources/xml>zml)
17:760  0:007  OCAK: Failed to pk find AppleHDA - Not Found
17:765  0:004  OC: Kernel patcher result 1 for AppleHDA (AppleHDA (AppleHDA/Resources/xml>zml)) - Not Found
17:767  0:001  OC: Kernel patch [2] AppleHDA (AppleHDA/Resources/xml>zml)
17:776  0:008  OCAK: Failed to pk find AppleHDA - Not Found
17:781  0:004  OC: Kernel patcher result 2 for AppleHDA (AppleHDA (AppleHDA/Resources/xml>zml)) - Not Found
17:783  0:001  OC: Kernel patch [3] IOErrorFix (NoLabel)
17:785  0:001  OC: Kernel patch 3 for IOErrorFix (IOErrorFix (NoLabel)) is borked
17:797  0:012  OC: Prelinked status - Success
17:913  0:115  FixOwnership() -> begin
17:913  0:000  USB UHCI Base=FF01 PortBase=7F8
17:914  0:001  USB UHCI reset for device 3A37
17:914  0:000  USB UHCI Base=FE01 PortBase=7F0
17:915  0:001  USB UHCI reset for device 3A38
17:915  0:000  USB UHCI Base=FD01 PortBase=7E8
17:916  0:001  USB UHCI reset for device 3A39
17:916  0:000  Base=FDFFF000 Oper=FDFFF020 eecp=68
17:916  0:000  usbcmd=00080000 usbsts=00001000 usbintr=00000000
17:916  0:000  usblegsup=01000001 isOSowned=1 isBIOSowned=0 usblegctlsts=C0002000
17:917  0:000  usbcmd=00080000 usbsts=00001000 usbintr=00000000
17:917  0:000  usbcmd=00080000 usbsts=00001000 usbintr=00000000
17:917  0:000  usblegsup=00000001 isOSowned=0 isBIOSowned=0 usblegctlsts=20000000
17:917  0:000  Legacy USB Off Done
17:917  0:000  USB EHCI Ownership for device 3A3C value=1000001
17:917  0:000  USB UHCI Base=FC01 PortBase=7E0
17:918  0:001  USB UHCI reset for device 3A34
17:918  0:000  USB UHCI Base=FB01 PortBase=7D8
17:919  0:001  USB UHCI reset for device 3A35
17:919  0:000  USB UHCI Base=FA01 PortBase=7D0
17:920  0:001  USB UHCI reset for device 3A36
17:920  0:000  Base=FDFFE000 Oper=FDFFE020 eecp=68
17:920  0:000  usbcmd=00080000 usbsts=00001000 usbintr=00000000
17:920  0:000  usblegsup=01000001 isOSowned=1 isBIOSowned=0 usblegctlsts=C0002000
17:921  0:000  usbcmd=00080000 usbsts=00001000 usbintr=00000000
17:921  0:000  usbcmd=00080000 usbsts=00001000 usbintr=00000000
17:921  0:000  usblegsup=00000001 isOSowned=0 isBIOSowned=0 usblegctlsts=20000000
17:921  0:000  Legacy USB Off Done
17:921  0:000  USB EHCI Ownership for device 3A3A value=1000001
17:921  0:000  ++++++++++++++++++++++++++++++++
